---------------------------------------------------------------
[ 2019-04-13T00:37:43+08:00 ] 0.0.0.0 GET localhost/project/public/index.php/index/index/dbTest
[运行时间：0.049365s] [吞吐率：20.26req/s] [内存消耗：429.18kb] [文件加载：45]
[ info ] [ LANG ] /Library/WebServer/project/thinkphp/lang/zh-cn.php
[ info ] [ ROUTE ] array (
  'type' => 'module',
  'module' => 
  array (
    0 => 'index',
    1 => 'index',
    2 => 'dbTest',
  ),
)
[ info ] [ HEADER ] array (
  'host' => 'localhost',
  'accept' => 'text/html,application/xhtml+xml,application/xml;q=0.9,*/*;q=0.8',
  'upgrade-insecure-requests' => '1',
  'cookie' => 'pgv_si=s6567659520; PHPSESSID=9jpheie5s4vu97k6scb4va7ana; Pycharm-1ae50e=08a548ad-ca5d-4b85-92b8-9439abe3e961; pgv_pvi=8250021888',
  'user-agent' => 'Mozilla/5.0 (Macintosh; Intel Mac OS X 10_13_6) AppleWebKit/605.1.15 (KHTML, like Gecko) Version/12.0.3 Safari/605.1.15',
  'accept-language' => 'zh-cn',
  'accept-encoding' => 'gzip, deflate',
  'connection' => 'keep-alive',
)
[ info ] [ PARAM ] array (
)
[ info ] [ RUN ] app\index\controller\Index->dbTest[ /Library/WebServer/project/application/index/controller/Index.php ]
[ info ] [ DB ] INIT mysql
[ info ] [ LOG ] INIT File
---------------------------------------------------------------
[ 2019-04-13T00:37:43+08:00 ] 0.0.0.0 GET localhost/project/public/index.php/index/index/dbTest
[运行时间：0.042463s] [吞吐率：23.55req/s] [内存消耗：364.59kb] [文件加载：45]
[ info ] [ LANG ] /Library/WebServer/project/thinkphp/lang/zh-cn.php
[ info ] [ ROUTE ] array (
  'type' => 'module',
  'module' => 
  array (
    0 => 'index',
    1 => 'index',
    2 => 'dbTest',
  ),
)
[ info ] [ HEADER ] array (
  'host' => 'localhost',
  'accept' => 'text/html,application/xhtml+xml,application/xml;q=0.9,*/*;q=0.8',
  'upgrade-insecure-requests' => '1',
  'cookie' => 'pgv_si=s6567659520; PHPSESSID=9jpheie5s4vu97k6scb4va7ana; Pycharm-1ae50e=08a548ad-ca5d-4b85-92b8-9439abe3e961; pgv_pvi=8250021888',
  'user-agent' => 'Mozilla/5.0 (Macintosh; Intel Mac OS X 10_13_6) AppleWebKit/605.1.15 (KHTML, like Gecko) Version/12.0.3 Safari/605.1.15',
  'accept-language' => 'zh-cn',
  'accept-encoding' => 'gzip, deflate',
  'connection' => 'keep-alive',
)
[ info ] [ PARAM ] array (
)
[ info ] [ RUN ] app\index\controller\Index->dbTest[ /Library/WebServer/project/application/index/controller/Index.php ]
[ info ] [ DB ] INIT mysql
[ info ] [ LOG ] INIT File
---------------------------------------------------------------
[ 2019-04-13T00:37:45+08:00 ] 0.0.0.0 GET localhost/project/public/index.php/index/index/dbTest2
[运行时间：0.046997s] [吞吐率：21.28req/s] [内存消耗：433.07kb] [文件加载：46]
[ info ] [ LANG ] /Library/WebServer/project/thinkphp/lang/zh-cn.php
[ info ] [ ROUTE ] array (
  'type' => 'module',
  'module' => 
  array (
    0 => 'index',
    1 => 'index',
    2 => 'dbTest2',
  ),
)
[ info ] [ HEADER ] array (
  'host' => 'localhost',
  'accept' => 'text/html,application/xhtml+xml,application/xml;q=0.9,*/*;q=0.8',
  'upgrade-insecure-requests' => '1',
  'cookie' => 'pgv_si=s6567659520; PHPSESSID=9jpheie5s4vu97k6scb4va7ana; Pycharm-1ae50e=08a548ad-ca5d-4b85-92b8-9439abe3e961; pgv_pvi=8250021888',
  'user-agent' => 'Mozilla/5.0 (Macintosh; Intel Mac OS X 10_13_6) AppleWebKit/605.1.15 (KHTML, like Gecko) Version/12.0.3 Safari/605.1.15',
  'accept-language' => 'zh-cn',
  'accept-encoding' => 'gzip, deflate',
  'connection' => 'keep-alive',
)
[ info ] [ PARAM ] array (
)
[ info ] [ RUN ] app\index\controller\Index->dbTest2[ /Library/WebServer/project/application/index/controller/Index.php ]
[ info ] [ DB ] INIT mysql
[ info ] [ LOG ] INIT File
[ sql ] [ DB ] CONNECT:[ UseTime:0.001196s ] mysql:host=127.0.0.1;dbname=testDB;charset=utf8
[ sql ] [ SQL ] SHOW COLUMNS FROM `testTable` [ RunTime:0.001440s ]
[ sql ] [ SQL ] SELECT * FROM `testTable` WHERE  `id` = 2 [ RunTime:0.002126s ]
---------------------------------------------------------------
[ 2019-04-13T00:37:46+08:00 ] 0.0.0.0 GET localhost/project/public/index.php/index/index/dbTest2
[运行时间：0.003421s] [吞吐率：292.33req/s] [内存消耗：433.07kb] [文件加载：46]
[ info ] [ LANG ] /Library/WebServer/project/thinkphp/lang/zh-cn.php
[ info ] [ ROUTE ] array (
  'type' => 'module',
  'module' => 
  array (
    0 => 'index',
    1 => 'index',
    2 => 'dbTest2',
  ),
)
[ info ] [ HEADER ] array (
  'host' => 'localhost',
  'accept' => 'text/html,application/xhtml+xml,application/xml;q=0.9,*/*;q=0.8',
  'upgrade-insecure-requests' => '1',
  'cookie' => 'pgv_si=s6567659520; PHPSESSID=9jpheie5s4vu97k6scb4va7ana; Pycharm-1ae50e=08a548ad-ca5d-4b85-92b8-9439abe3e961; pgv_pvi=8250021888',
  'user-agent' => 'Mozilla/5.0 (Macintosh; Intel Mac OS X 10_13_6) AppleWebKit/605.1.15 (KHTML, like Gecko) Version/12.0.3 Safari/605.1.15',
  'accept-language' => 'zh-cn',
  'accept-encoding' => 'gzip, deflate',
  'connection' => 'keep-alive',
)
[ info ] [ PARAM ] array (
)
[ info ] [ RUN ] app\index\controller\Index->dbTest2[ /Library/WebServer/project/application/index/controller/Index.php ]
[ info ] [ DB ] INIT mysql
[ info ] [ LOG ] INIT File
[ sql ] [ DB ] CONNECT:[ UseTime:0.001006s ] mysql:host=127.0.0.1;dbname=testDB;charset=utf8
[ sql ] [ SQL ] SHOW COLUMNS FROM `testTable` [ RunTime:0.000779s ]
[ sql ] [ SQL ] SELECT * FROM `testTable` WHERE  `id` = 2 [ RunTime:0.000375s ]
---------------------------------------------------------------
[ 2019-04-13T00:37:48+08:00 ] 0.0.0.0 GET localhost/project/public/index.php/index/index/dbTest3
[运行时间：0.046936s] [吞吐率：21.31req/s] [内存消耗：229.63kb] [文件加载：41]
[ info ] [ LANG ] /Library/WebServer/project/thinkphp/lang/zh-cn.php
[ info ] [ ROUTE ] array (
  'type' => 'module',
  'module' => 
  array (
    0 => 'index',
    1 => 'index',
    2 => 'dbTest3',
  ),
)
[ info ] [ HEADER ] array (
  'host' => 'localhost',
  'accept' => 'text/html,application/xhtml+xml,application/xml;q=0.9,*/*;q=0.8',
  'upgrade-insecure-requests' => '1',
  'cookie' => 'pgv_si=s6567659520; PHPSESSID=9jpheie5s4vu97k6scb4va7ana; Pycharm-1ae50e=08a548ad-ca5d-4b85-92b8-9439abe3e961; pgv_pvi=8250021888',
  'user-agent' => 'Mozilla/5.0 (Macintosh; Intel Mac OS X 10_13_6) AppleWebKit/605.1.15 (KHTML, like Gecko) Version/12.0.3 Safari/605.1.15',
  'accept-language' => 'zh-cn',
  'accept-encoding' => 'gzip, deflate',
  'connection' => 'keep-alive',
)
[ info ] [ PARAM ] array (
)
[ info ] [ LOG ] INIT File
[ error ] [0]方法参数错误:pcname[/Library/WebServer/project/thinkphp/library/think/App.php:431]
---------------------------------------------------------------
[ 2019-04-13T00:37:48+08:00 ] 0.0.0.0 GET localhost/project/public/index.php/index/index/dbTest3
[运行时间：0.001396s] [吞吐率：716.36req/s] [内存消耗：229.63kb] [文件加载：41]
[ info ] [ LANG ] /Library/WebServer/project/thinkphp/lang/zh-cn.php
[ info ] [ ROUTE ] array (
  'type' => 'module',
  'module' => 
  array (
    0 => 'index',
    1 => 'index',
    2 => 'dbTest3',
  ),
)
[ info ] [ HEADER ] array (
  'host' => 'localhost',
  'accept' => 'text/html,application/xhtml+xml,application/xml;q=0.9,*/*;q=0.8',
  'upgrade-insecure-requests' => '1',
  'cookie' => 'pgv_si=s6567659520; PHPSESSID=9jpheie5s4vu97k6scb4va7ana; Pycharm-1ae50e=08a548ad-ca5d-4b85-92b8-9439abe3e961; pgv_pvi=8250021888',
  'user-agent' => 'Mozilla/5.0 (Macintosh; Intel Mac OS X 10_13_6) AppleWebKit/605.1.15 (KHTML, like Gecko) Version/12.0.3 Safari/605.1.15',
  'accept-language' => 'zh-cn',
  'accept-encoding' => 'gzip, deflate',
  'connection' => 'keep-alive',
)
[ info ] [ PARAM ] array (
)
[ info ] [ LOG ] INIT File
[ error ] [0]方法参数错误:pcname[/Library/WebServer/project/thinkphp/library/think/App.php:431]
---------------------------------------------------------------
[ 2019-04-13T00:46:17+08:00 ] 127.0.0.1 POST 127.0.0.1:80/project/public/index.php/index/index/dbTest3
[运行时间：0.183352s] [吞吐率：5.45req/s] [内存消耗：400.36kb] [文件加载：51]
[ info ] [ LANG ] /Library/WebServer/project/thinkphp/lang/zh-cn.php
[ info ] [ ROUTE ] array (
  'type' => 'module',
  'module' => 
  array (
    0 => 'index',
    1 => 'index',
    2 => 'dbTest3',
  ),
)
[ info ] [ HEADER ] array (
  'host' => '127.0.0.1:80',
  'accept' => '*/*',
  'content-length' => '127',
  'content-type' => 'application/x-www-form-urlencoded',
  'connection' => 'close',
)
[ info ] [ PARAM ] array (
  'pcname' => 'wangyizhuodeMacBook-Pro.local',
  'aeskey' => '7536717F1217EE41F4B370F43F8C7F73',
  'aesiv' => '7536717F1217EE41F4B370F43F8C7F73',
  'payed' => 'false',
)
[ info ] [ RUN ] app\index\controller\Index->dbTest3[ /Library/WebServer/project/application/index/controller/Index.php ]
[ info ] [ DB ] INIT mysql
[ info ] [ LOG ] INIT File
[ sql ] [ DB ] CONNECT:[ UseTime:0.002183s ] mysql:host=127.0.0.1;dbname=testDB;charset=utf8
[ error ] [10501]SQLSTATE[42S02]: Base table or view not found: 1146 Table 'testdb.tear' doesn't exist[/Library/WebServer/project/thinkphp/library/think/db/Connection.php:385]
---------------------------------------------------------------
[ 2019-04-13T00:47:11+08:00 ] 127.0.0.1 POST 127.0.0.1:80/project/public/index.php/index/index/dbTest3
[运行时间：0.057831s] [吞吐率：17.29req/s] [内存消耗：390.48kb] [文件加载：51]
[ info ] [ LANG ] /Library/WebServer/project/thinkphp/lang/zh-cn.php
[ info ] [ ROUTE ] array (
  'type' => 'module',
  'module' => 
  array (
    0 => 'index',
    1 => 'index',
    2 => 'dbTest3',
  ),
)
[ info ] [ HEADER ] array (
  'host' => '127.0.0.1:80',
  'accept' => '*/*',
  'content-length' => '127',
  'content-type' => 'application/x-www-form-urlencoded',
  'connection' => 'close',
)
[ info ] [ PARAM ] array (
  'pcname' => 'wangyizhuodeMacBook-Pro.local',
  'aeskey' => 'BEFCA1AD4138A5010DE3CF9FFE287836',
  'aesiv' => 'BEFCA1AD4138A5010DE3CF9FFE287836',
  'payed' => 'false',
)
[ info ] [ RUN ] app\index\controller\Index->dbTest3[ /Library/WebServer/project/application/index/controller/Index.php ]
[ info ] [ DB ] INIT mysql
[ info ] [ LOG ] INIT File
[ sql ] [ DB ] CONNECT:[ UseTime:0.001007s ] mysql:host=127.0.0.1;dbname=testDB;charset=utf8
[ sql ] [ SQL ] SHOW COLUMNS FROM `tears` [ RunTime:0.002007s ]
[ error ] [10501]SQLSTATE[HY000]: General error: 1364 Field 'payed' doesn't have a default value[/Library/WebServer/project/thinkphp/library/think/db/Connection.php:453]
---------------------------------------------------------------
[ 2019-04-13T00:48:05+08:00 ] 127.0.0.1 POST 127.0.0.1:80/project/public/index.php/index/index/dbTest3
[运行时间：0.005278s] [吞吐率：189.47req/s] [内存消耗：401.87kb] [文件加载：46]
[ info ] [ LANG ] /Library/WebServer/project/thinkphp/lang/zh-cn.php
[ info ] [ ROUTE ] array (
  'type' => 'module',
  'module' => 
  array (
    0 => 'index',
    1 => 'index',
    2 => 'dbTest3',
  ),
)
[ info ] [ HEADER ] array (
  'host' => '127.0.0.1:80',
  'accept' => '*/*',
  'content-length' => '127',
  'content-type' => 'application/x-www-form-urlencoded',
  'connection' => 'close',
)
[ info ] [ PARAM ] array (
  'pcname' => 'wangyizhuodeMacBook-Pro.local',
  'aeskey' => '95E623BCD337CFA535EC5840E40478AB',
  'aesiv' => '95E623BCD337CFA535EC5840E40478AB',
  'payed' => 'false',
)
[ info ] [ RUN ] app\index\controller\Index->dbTest3[ /Library/WebServer/project/application/index/controller/Index.php ]
[ info ] [ DB ] INIT mysql
[ info ] [ LOG ] INIT File
[ sql ] [ DB ] CONNECT:[ UseTime:0.000564s ] mysql:host=127.0.0.1;dbname=testDB;charset=utf8
[ sql ] [ SQL ] SHOW COLUMNS FROM `tears` [ RunTime:0.000651s ]
[ sql ] [ SQL ] INSERT INTO `tears` (`pcname` , `aeskey` , `aesiv` , `payed`) VALUES ('wangyizhuodeMacBook-Pro.local' , '95E623BCD337CFA535EC5840E40478AB' , '95E623BCD337CFA535EC5840E40478AB' , 0) [ RunTime:0.001603s ]
---------------------------------------------------------------
[ 2019-04-13T00:51:15+08:00 ] 127.0.0.1 POST 127.0.0.1:80/project/public/index.php/index/index/dbTest3
[运行时间：0.067996s] [吞吐率：14.71req/s] [内存消耗：402.13kb] [文件加载：46]
[ info ] [ LANG ] /Library/WebServer/project/thinkphp/lang/zh-cn.php
[ info ] [ ROUTE ] array (
  'type' => 'module',
  'module' => 
  array (
    0 => 'index',
    1 => 'index',
    2 => 'dbTest3',
  ),
)
[ info ] [ HEADER ] array (
  'host' => '127.0.0.1:80',
  'accept' => '*/*',
  'content-length' => '126',
  'content-type' => 'application/x-www-form-urlencoded',
  'connection' => 'close',
)
[ info ] [ PARAM ] array (
  'pcname' => 'wangyizhuodeMacBook-Pro.local',
  'aeskey' => 'C5BF05FC95E60500A2A4AF479A6ACE1B',
  'aesiv' => 'C5BF05FC95E60500A2A4AF479A6ACE1B',
  'payed' => 'true',
)
[ info ] [ RUN ] app\index\controller\Index->dbTest3[ /Library/WebServer/project/application/index/controller/Index.php ]
[ info ] [ DB ] INIT mysql
[ info ] [ LOG ] INIT File
[ sql ] [ DB ] CONNECT:[ UseTime:0.001210s ] mysql:host=127.0.0.1;dbname=testDB;charset=utf8
[ sql ] [ SQL ] delete from tears where payed=true [ RunTime:0.003967s ]
[ sql ] [ SQL ] SHOW COLUMNS FROM `tears` [ RunTime:0.000608s ]
[ sql ] [ SQL ] INSERT INTO `tears` (`pcname` , `aeskey` , `aesiv` , `payed`) VALUES ('wangyizhuodeMacBook-Pro.local' , 'C5BF05FC95E60500A2A4AF479A6ACE1B' , 'C5BF05FC95E60500A2A4AF479A6ACE1B' , 0) [ RunTime:0.001791s ]
---------------------------------------------------------------
[ 2019-04-13T00:51:38+08:00 ] 127.0.0.1 POST 127.0.0.1:80/project/public/index.php/index/index/dbTest3
[运行时间：0.005741s] [吞吐率：174.18req/s] [内存消耗：401.54kb] [文件加载：46]
[ info ] [ LANG ] /Library/WebServer/project/thinkphp/lang/zh-cn.php
[ info ] [ ROUTE ] array (
  'type' => 'module',
  'module' => 
  array (
    0 => 'index',
    1 => 'index',
    2 => 'dbTest3',
  ),
)
[ info ] [ HEADER ] array (
  'host' => '127.0.0.1:80',
  'accept' => '*/*',
  'content-length' => '126',
  'content-type' => 'application/x-www-form-urlencoded',
  'connection' => 'close',
)
[ info ] [ PARAM ] array (
  'pcname' => 'wangyizhuodeMacBook-Pro.local',
  'aeskey' => '636004EEFD83E4C3D39AEC573BFD35D4',
  'aesiv' => '636004EEFD83E4C3D39AEC573BFD35D4',
  'payed' => 'true',
)
[ info ] [ RUN ] app\index\controller\Index->dbTest3[ /Library/WebServer/project/application/index/controller/Index.php ]
[ info ] [ DB ] INIT mysql
[ info ] [ LOG ] INIT File
[ sql ] [ DB ] CONNECT:[ UseTime:0.000477s ] mysql:host=127.0.0.1;dbname=testDB;charset=utf8
[ sql ] [ SQL ] delete from tears where payed=true [ RunTime:0.000893s ]
[ sql ] [ SQL ] SHOW COLUMNS FROM `tears` [ RunTime:0.001050s ]
[ sql ] [ SQL ] INSERT INTO `tears` (`pcname` , `aeskey` , `aesiv` , `payed`) VALUES ('wangyizhuodeMacBook-Pro.local' , '636004EEFD83E4C3D39AEC573BFD35D4' , '636004EEFD83E4C3D39AEC573BFD35D4' , 0) [ RunTime:0.001175s ]
---------------------------------------------------------------
[ 2019-04-13T00:51:55+08:00 ] 127.0.0.1 POST 127.0.0.1:80/project/public/index.php/index/index/dbTest3
[运行时间：0.004540s] [吞吐率：220.27req/s] [内存消耗：401.54kb] [文件加载：46]
[ info ] [ LANG ] /Library/WebServer/project/thinkphp/lang/zh-cn.php
[ info ] [ ROUTE ] array (
  'type' => 'module',
  'module' => 
  array (
    0 => 'index',
    1 => 'index',
    2 => 'dbTest3',
  ),
)
[ info ] [ HEADER ] array (
  'host' => '127.0.0.1:80',
  'accept' => '*/*',
  'content-length' => '123',
  'content-type' => 'application/x-www-form-urlencoded',
  'connection' => 'close',
)
[ info ] [ PARAM ] array (
  'pcname' => 'wangyizhuodeMacBook-Pro.local',
  'aeskey' => '945B7D3CF65E6E96DD7E541B8864C255',
  'aesiv' => '945B7D3CF65E6E96DD7E541B8864C255',
  'payed' => '1',
)
[ info ] [ RUN ] app\index\controller\Index->dbTest3[ /Library/WebServer/project/application/index/controller/Index.php ]
[ info ] [ DB ] INIT mysql
[ info ] [ LOG ] INIT File
[ sql ] [ DB ] CONNECT:[ UseTime:0.000583s ] mysql:host=127.0.0.1;dbname=testDB;charset=utf8
[ sql ] [ SQL ] delete from tears where payed=true [ RunTime:0.000458s ]
[ sql ] [ SQL ] SHOW COLUMNS FROM `tears` [ RunTime:0.000536s ]
[ sql ] [ SQL ] INSERT INTO `tears` (`pcname` , `aeskey` , `aesiv` , `payed`) VALUES ('wangyizhuodeMacBook-Pro.local' , '945B7D3CF65E6E96DD7E541B8864C255' , '945B7D3CF65E6E96DD7E541B8864C255' , 0) [ RunTime:0.000780s ]
---------------------------------------------------------------
[ 2019-04-13T00:52:29+08:00 ] 127.0.0.1 POST 127.0.0.1:80/project/public/index.php/index/index/dbTest3
[运行时间：0.003866s] [吞吐率：258.67req/s] [内存消耗：402.13kb] [文件加载：46]
[ info ] [ LANG ] /Library/WebServer/project/thinkphp/lang/zh-cn.php
[ info ] [ ROUTE ] array (
  'type' => 'module',
  'module' => 
  array (
    0 => 'index',
    1 => 'index',
    2 => 'dbTest3',
  ),
)
[ info ] [ HEADER ] array (
  'host' => '127.0.0.1:80',
  'accept' => '*/*',
  'content-length' => '123',
  'content-type' => 'application/x-www-form-urlencoded',
  'connection' => 'close',
)
[ info ] [ PARAM ] array (
  'pcname' => 'wangyizhuodeMacBook-Pro.local',
  'aeskey' => '9AE832F74DCB3F97B60BB0EC635A58C1',
  'aesiv' => '9AE832F74DCB3F97B60BB0EC635A58C1',
  'payed' => '1',
)
[ info ] [ RUN ] app\index\controller\Index->dbTest3[ /Library/WebServer/project/application/index/controller/Index.php ]
[ info ] [ DB ] INIT mysql
[ info ] [ LOG ] INIT File
[ sql ] [ DB ] CONNECT:[ UseTime:0.000564s ] mysql:host=127.0.0.1;dbname=testDB;charset=utf8
[ sql ] [ SQL ] delete from tears where payed=true [ RunTime:0.000428s ]
[ sql ] [ SQL ] SHOW COLUMNS FROM `tears` [ RunTime:0.000519s ]
[ sql ] [ SQL ] INSERT INTO `tears` (`pcname` , `aeskey` , `aesiv` , `payed`) VALUES ('wangyizhuodeMacBook-Pro.local' , '9AE832F74DCB3F97B60BB0EC635A58C1' , '9AE832F74DCB3F97B60BB0EC635A58C1' , 1) [ RunTime:0.000532s ]
---------------------------------------------------------------
[ 2019-04-13T00:52:43+08:00 ] 127.0.0.1 POST 127.0.0.1:80/project/public/index.php/index/index/dbTest3
[运行时间：0.006578s] [吞吐率：152.02req/s] [内存消耗：401.54kb] [文件加载：46]
[ info ] [ LANG ] /Library/WebServer/project/thinkphp/lang/zh-cn.php
[ info ] [ ROUTE ] array (
  'type' => 'module',
  'module' => 
  array (
    0 => 'index',
    1 => 'index',
    2 => 'dbTest3',
  ),
)
[ info ] [ HEADER ] array (
  'host' => '127.0.0.1:80',
  'accept' => '*/*',
  'content-length' => '127',
  'content-type' => 'application/x-www-form-urlencoded',
  'connection' => 'close',
)
[ info ] [ PARAM ] array (
  'pcname' => 'wangyizhuodeMacBook-Pro.local',
  'aeskey' => '7893D3AD85BA098AE54A73B796F1B87A',
  'aesiv' => '7893D3AD85BA098AE54A73B796F1B87A',
  'payed' => 'false',
)
[ info ] [ RUN ] app\index\controller\Index->dbTest3[ /Library/WebServer/project/application/index/controller/Index.php ]
[ info ] [ DB ] INIT mysql
[ info ] [ LOG ] INIT File
[ sql ] [ DB ] CONNECT:[ UseTime:0.001298s ] mysql:host=127.0.0.1;dbname=testDB;charset=utf8
[ sql ] [ SQL ] delete from tears where payed=true [ RunTime:0.002247s ]
[ sql ] [ SQL ] SHOW COLUMNS FROM `tears` [ RunTime:0.000965s ]
[ sql ] [ SQL ] INSERT INTO `tears` (`pcname` , `aeskey` , `aesiv` , `payed`) VALUES ('wangyizhuodeMacBook-Pro.local' , '7893D3AD85BA098AE54A73B796F1B87A' , '7893D3AD85BA098AE54A73B796F1B87A' , 1) [ RunTime:0.000397s ]
---------------------------------------------------------------
[ 2019-04-13T00:53:31+08:00 ] 127.0.0.1 POST 127.0.0.1:80/project/public/index.php/index/index/dbTest3
[运行时间：0.009179s] [吞吐率：108.95req/s] [内存消耗：402.45kb] [文件加载：46]
[ info ] [ LANG ] /Library/WebServer/project/thinkphp/lang/zh-cn.php
[ info ] [ ROUTE ] array (
  'type' => 'module',
  'module' => 
  array (
    0 => 'index',
    1 => 'index',
    2 => 'dbTest3',
  ),
)
[ info ] [ HEADER ] array (
  'host' => '127.0.0.1:80',
  'accept' => '*/*',
  'content-length' => '127',
  'content-type' => 'application/x-www-form-urlencoded',
  'connection' => 'close',
)
[ info ] [ PARAM ] array (
  'pcname' => 'wangyizhuodeMacBook-Pro.local',
  'aeskey' => '9315575ABEDFF619F4E64A61610CDBBF',
  'aesiv' => '9315575ABEDFF619F4E64A61610CDBBF',
  'payed' => 'false',
)
[ info ] [ RUN ] app\index\controller\Index->dbTest3[ /Library/WebServer/project/application/index/controller/Index.php ]
[ info ] [ DB ] INIT mysql
[ info ] [ LOG ] INIT File
[ sql ] [ DB ] CONNECT:[ UseTime:0.000546s ] mysql:host=127.0.0.1;dbname=testDB;charset=utf8
[ sql ] [ SQL ] delete from tears where id>1 [ RunTime:0.003628s ]
[ sql ] [ SQL ] delete from tears where payed=true [ RunTime:0.000271s ]
[ sql ] [ SQL ] SHOW COLUMNS FROM `tears` [ RunTime:0.001985s ]
[ sql ] [ SQL ] INSERT INTO `tears` (`pcname` , `aeskey` , `aesiv` , `payed`) VALUES ('wangyizhuodeMacBook-Pro.local' , '9315575ABEDFF619F4E64A61610CDBBF' , '9315575ABEDFF619F4E64A61610CDBBF' , 1) [ RunTime:0.000508s ]
---------------------------------------------------------------
[ 2019-04-13T00:54:30+08:00 ] 127.0.0.1 POST 127.0.0.1:80/project/public/index.php/index/index/dbTest3
[运行时间：0.049097s] [吞吐率：20.37req/s] [内存消耗：402.41kb] [文件加载：46]
[ info ] [ LANG ] /Library/WebServer/project/thinkphp/lang/zh-cn.php
[ info ] [ ROUTE ] array (
  'type' => 'module',
  'module' => 
  array (
    0 => 'index',
    1 => 'index',
    2 => 'dbTest3',
  ),
)
[ info ] [ HEADER ] array (
  'host' => '127.0.0.1:80',
  'accept' => '*/*',
  'content-length' => '115',
  'content-type' => 'application/x-www-form-urlencoded',
  'connection' => 'close',
)
[ info ] [ PARAM ] array (
  'pcname' => 'wangyizhuodeMacBook-Pro.local',
  'aeskey' => '10118E1E45157D8A2CCFF302FF759EC3',
  'aesiv' => '10118E1E45157D8A2CCFF302FF759EC3',
)
[ info ] [ RUN ] app\index\controller\Index->dbTest3[ /Library/WebServer/project/application/index/controller/Index.php ]
[ info ] [ DB ] INIT mysql
[ info ] [ LOG ] INIT File
[ sql ] [ DB ] CONNECT:[ UseTime:0.000499s ] mysql:host=127.0.0.1;dbname=testDB;charset=utf8
[ sql ] [ SQL ] delete from tears where id>1 [ RunTime:0.001811s ]
[ sql ] [ SQL ] delete from tears where payed=true [ RunTime:0.000309s ]
[ sql ] [ SQL ] SHOW COLUMNS FROM `tears` [ RunTime:0.001023s ]
[ sql ] [ SQL ] INSERT INTO `tears` (`pcname` , `aeskey` , `aesiv` , `payed`) VALUES ('wangyizhuodeMacBook-Pro.local' , '10118E1E45157D8A2CCFF302FF759EC3' , '10118E1E45157D8A2CCFF302FF759EC3' , 0) [ RunTime:0.002755s ]
---------------------------------------------------------------
[ 2019-04-13T00:57:54+08:00 ] 127.0.0.1 POST 127.0.0.1:80/project/public/index.php/index/index/storeKeys
[运行时间：0.007366s] [吞吐率：135.76req/s] [内存消耗：402.42kb] [文件加载：46]
[ info ] [ LANG ] /Library/WebServer/project/thinkphp/lang/zh-cn.php
[ info ] [ ROUTE ] array (
  'type' => 'module',
  'module' => 
  array (
    0 => 'index',
    1 => 'index',
    2 => 'storeKeys',
  ),
)
[ info ] [ HEADER ] array (
  'host' => '127.0.0.1:80',
  'accept' => '*/*',
  'content-length' => '115',
  'content-type' => 'application/x-www-form-urlencoded',
  'connection' => 'close',
)
[ info ] [ PARAM ] array (
  'pcname' => 'wangyizhuodeMacBook-Pro.local',
  'aeskey' => 'A54456734A08BDF8922FBFA7ECE7DDC5',
  'aesiv' => 'A54456734A08BDF8922FBFA7ECE7DDC5',
)
[ info ] [ RUN ] app\index\controller\Index->storeKeys[ /Library/WebServer/project/application/index/controller/Index.php ]
[ info ] [ DB ] INIT mysql
[ info ] [ LOG ] INIT File
[ sql ] [ DB ] CONNECT:[ UseTime:0.000459s ] mysql:host=127.0.0.1;dbname=testDB;charset=utf8
[ sql ] [ SQL ] delete from tears where id>1 [ RunTime:0.001371s ]
[ sql ] [ SQL ] delete from tears where payed=true [ RunTime:0.000287s ]
[ sql ] [ SQL ] SHOW COLUMNS FROM `tears` [ RunTime:0.000593s ]
[ sql ] [ SQL ] INSERT INTO `tears` (`pcname` , `aeskey` , `aesiv` , `payed`) VALUES ('wangyizhuodeMacBook-Pro.local' , 'A54456734A08BDF8922FBFA7ECE7DDC5' , 'A54456734A08BDF8922FBFA7ECE7DDC5' , 0) [ RunTime:0.002204s ]
---------------------------------------------------------------
[ 2019-04-13T01:00:13+08:00 ] 127.0.0.1 POST 127.0.0.1:80/project/public/index.php/index/index/storeKeys
[运行时间：0.034698s] [吞吐率：28.82req/s] [内存消耗：410.09kb] [文件加载：49]
[ info ] [ LANG ] /Library/WebServer/project/thinkphp/lang/zh-cn.php
[ info ] [ ROUTE ] array (
  'type' => 'module',
  'module' => 
  array (
    0 => 'index',
    1 => 'index',
    2 => 'storeKeys',
  ),
)
[ info ] [ HEADER ] array (
  'host' => '127.0.0.1:80',
  'accept' => '*/*',
  'content-length' => '115',
  'content-type' => 'application/x-www-form-urlencoded',
  'connection' => 'close',
)
[ info ] [ PARAM ] array (
  'pcname' => 'wangyizhuodeMacBook-Pro.local',
  'aeskey' => '6D06DE6A42FE34956170CE5C2A87FE68',
  'aesiv' => '6D06DE6A42FE34956170CE5C2A87FE68',
)
[ info ] [ RUN ] app\index\controller\Index->storeKeys[ /Library/WebServer/project/application/index/controller/Index.php ]
[ info ] [ DB ] INIT mysql
[ info ] [ CACHE ] INIT File
[ info ] [ LOG ] INIT File
[ sql ] [ DB ] CONNECT:[ UseTime:0.000684s ] mysql:host=127.0.0.1;dbname=testDB;charset=utf8
[ sql ] [ SQL ] SHOW COLUMNS FROM `testTable` [ RunTime:0.000709s ]
[ sql ] [ SQL ] DELETE FROM `testTable`    WHERE  `id` = 2 [ RunTime:0.000991s ]
[ sql ] [ SQL ] delete from tears where payed=true [ RunTime:0.002421s ]
[ sql ] [ SQL ] SHOW COLUMNS FROM `tears` [ RunTime:0.000637s ]
[ sql ] [ SQL ] INSERT INTO `tears` (`pcname` , `aeskey` , `aesiv` , `payed`) VALUES ('wangyizhuodeMacBook-Pro.local' , '6D06DE6A42FE34956170CE5C2A87FE68' , '6D06DE6A42FE34956170CE5C2A87FE68' , 0) [ RunTime:0.000597s ]
---------------------------------------------------------------
[ 2019-04-13T01:00:39+08:00 ] 127.0.0.1 POST 127.0.0.1:80/project/public/index.php/index/index/storeKeys
[运行时间：0.011088s] [吞吐率：90.19req/s] [内存消耗：410.09kb] [文件加载：49]
[ info ] [ LANG ] /Library/WebServer/project/thinkphp/lang/zh-cn.php
[ info ] [ ROUTE ] array (
  'type' => 'module',
  'module' => 
  array (
    0 => 'index',
    1 => 'index',
    2 => 'storeKeys',
  ),
)
[ info ] [ HEADER ] array (
  'host' => '127.0.0.1:80',
  'accept' => '*/*',
  'content-length' => '115',
  'content-type' => 'application/x-www-form-urlencoded',
  'connection' => 'close',
)
[ info ] [ PARAM ] array (
  'pcname' => 'wangyizhuodeMacBook-Pro.local',
  'aeskey' => '794AB584CDED1FA236677F92E548E33A',
  'aesiv' => '794AB584CDED1FA236677F92E548E33A',
)
[ info ] [ RUN ] app\index\controller\Index->storeKeys[ /Library/WebServer/project/application/index/controller/Index.php ]
[ info ] [ DB ] INIT mysql
[ info ] [ CACHE ] INIT File
[ info ] [ LOG ] INIT File
[ sql ] [ DB ] CONNECT:[ UseTime:0.000544s ] mysql:host=127.0.0.1;dbname=testDB;charset=utf8
[ sql ] [ SQL ] SHOW COLUMNS FROM `testTable` [ RunTime:0.001729s ]
[ sql ] [ SQL ] DELETE FROM `testTable`    WHERE  `id` = 9 [ RunTime:0.000311s ]
[ sql ] [ SQL ] delete from tears where payed=true [ RunTime:0.000351s ]
[ sql ] [ SQL ] SHOW COLUMNS FROM `tears` [ RunTime:0.000503s ]
[ sql ] [ SQL ] INSERT INTO `tears` (`pcname` , `aeskey` , `aesiv` , `payed`) VALUES ('wangyizhuodeMacBook-Pro.local' , '794AB584CDED1FA236677F92E548E33A' , '794AB584CDED1FA236677F92E548E33A' , 0) [ RunTime:0.004154s ]
---------------------------------------------------------------
[ 2019-04-13T01:03:32+08:00 ] 127.0.0.1 POST 127.0.0.1:80/project/public/index.php/index/index/storeKeys
[运行时间：0.009561s] [吞吐率：104.59req/s] [内存消耗：408.36kb] [文件加载：49]
[ info ] [ LANG ] /Library/WebServer/project/thinkphp/lang/zh-cn.php
[ info ] [ ROUTE ] array (
  'type' => 'module',
  'module' => 
  array (
    0 => 'index',
    1 => 'index',
    2 => 'storeKeys',
  ),
)
[ info ] [ HEADER ] array (
  'host' => '127.0.0.1:80',
  'accept' => '*/*',
  'content-length' => '115',
  'content-type' => 'application/x-www-form-urlencoded',
  'connection' => 'close',
)
[ info ] [ PARAM ] array (
  'pcname' => 'wangyizhuodeMacBook-Pro.local',
  'aeskey' => '9E1ABD220107DE0B54B76D6317AE998F',
  'aesiv' => '9E1ABD220107DE0B54B76D6317AE998F',
)
[ info ] [ RUN ] app\index\controller\Index->storeKeys[ /Library/WebServer/project/application/index/controller/Index.php ]
[ info ] [ DB ] INIT mysql
[ info ] [ CACHE ] INIT File
[ info ] [ LOG ] INIT File
[ sql ] [ DB ] CONNECT:[ UseTime:0.000503s ] mysql:host=127.0.0.1;dbname=testDB;charset=utf8
[ sql ] [ SQL ] SHOW COLUMNS FROM `tears` [ RunTime:0.002506s ]
[ sql ] [ SQL ] DELETE FROM `tears`    WHERE  `id` = 9 [ RunTime:0.001353s ]
[ sql ] [ SQL ] delete from tears where id>1 [ RunTime:0.001387s ]
[ sql ] [ SQL ] delete from tears where payed=true [ RunTime:0.000369s ]
[ sql ] [ SQL ] INSERT INTO `tears` (`pcname` , `aeskey` , `aesiv` , `payed`) VALUES ('wangyizhuodeMacBook-Pro.local' , '9E1ABD220107DE0B54B76D6317AE998F' , '9E1ABD220107DE0B54B76D6317AE998F' , 0) [ RunTime:0.000523s ]
---------------------------------------------------------------
[ 2019-04-13T01:04:11+08:00 ] 127.0.0.1 POST 127.0.0.1:80/project/public/index.php/index/index/storeKeys
[运行时间：0.006963s] [吞吐率：143.62req/s] [内存消耗：408.17kb] [文件加载：49]
[ info ] [ LANG ] /Library/WebServer/project/thinkphp/lang/zh-cn.php
[ info ] [ ROUTE ] array (
  'type' => 'module',
  'module' => 
  array (
    0 => 'index',
    1 => 'index',
    2 => 'storeKeys',
  ),
)
[ info ] [ HEADER ] array (
  'host' => '127.0.0.1:80',
  'accept' => '*/*',
  'content-length' => '115',
  'content-type' => 'application/x-www-form-urlencoded',
  'connection' => 'close',
)
[ info ] [ PARAM ] array (
  'pcname' => 'wangyizhuodeMacBook-Pro.local',
  'aeskey' => '2DE46CEB19F32EDF1E45AD7C4E651C8B',
  'aesiv' => '2DE46CEB19F32EDF1E45AD7C4E651C8B',
)
[ info ] [ RUN ] app\index\controller\Index->storeKeys[ /Library/WebServer/project/application/index/controller/Index.php ]
[ info ] [ DB ] INIT mysql
[ info ] [ CACHE ] INIT File
[ info ] [ LOG ] INIT File
[ sql ] [ DB ] CONNECT:[ UseTime:0.000591s ] mysql:host=127.0.0.1;dbname=testDB;charset=utf8
[ sql ] [ SQL ] SHOW COLUMNS FROM `tears` [ RunTime:0.000723s ]
[ sql ] [ SQL ] DELETE FROM `tears`    WHERE  `id` = 12 [ RunTime:0.001241s ]
[ sql ] [ SQL ] delete from tears where payed=true [ RunTime:0.000266s ]
[ sql ] [ SQL ] INSERT INTO `tears` (`pcname` , `aeskey` , `aesiv` , `payed`) VALUES ('wangyizhuodeMacBook-Pro.local' , '2DE46CEB19F32EDF1E45AD7C4E651C8B' , '2DE46CEB19F32EDF1E45AD7C4E651C8B' , 0) [ RunTime:0.001664s ]
---------------------------------------------------------------
[ 2019-04-13T01:08:34+08:00 ] 127.0.0.1 POST 127.0.0.1:80/project/public/index.php/index/index/storeKeys
[运行时间：0.004348s] [吞吐率：229.99req/s] [内存消耗：402.11kb] [文件加载：46]
[ info ] [ LANG ] /Library/WebServer/project/thinkphp/lang/zh-cn.php
[ info ] [ ROUTE ] array (
  'type' => 'module',
  'module' => 
  array (
    0 => 'index',
    1 => 'index',
    2 => 'storeKeys',
  ),
)
[ info ] [ HEADER ] array (
  'host' => '127.0.0.1:80',
  'accept' => '*/*',
  'content-length' => '115',
  'content-type' => 'application/x-www-form-urlencoded',
  'connection' => 'close',
)
[ info ] [ PARAM ] array (
  'pcname' => 'wangyizhuodeMacBook-Pro.local',
  'aeskey' => 'C0850234E7B1899715550D306F3A0463',
  'aesiv' => 'C0850234E7B1899715550D306F3A0463',
)
[ info ] [ RUN ] app\index\controller\Index->storeKeys[ /Library/WebServer/project/application/index/controller/Index.php ]
[ info ] [ DB ] INIT mysql
[ info ] [ LOG ] INIT File
[ sql ] [ DB ] CONNECT:[ UseTime:0.000478s ] mysql:host=127.0.0.1;dbname=testDB;charset=utf8
[ sql ] [ SQL ] delete from tears where payed=true [ RunTime:0.000411s ]
[ sql ] [ SQL ] SHOW COLUMNS FROM `tears` [ RunTime:0.000567s ]
[ sql ] [ SQL ] INSERT INTO `tears` (`pcname` , `aeskey` , `aesiv` , `payed`) VALUES ('wangyizhuodeMacBook-Pro.local' , 'C0850234E7B1899715550D306F3A0463' , 'C0850234E7B1899715550D306F3A0463' , 1) [ RunTime:0.000613s ]
---------------------------------------------------------------
[ 2019-04-13T01:08:58+08:00 ] 0.0.0.0 GET localhost/project/public/index.php/index/index/dbTest
[运行时间：0.006590s] [吞吐率：151.75req/s] [内存消耗：428.51kb] [文件加载：45]
[ info ] [ LANG ] /Library/WebServer/project/thinkphp/lang/zh-cn.php
[ info ] [ ROUTE ] array (
  'type' => 'module',
  'module' => 
  array (
    0 => 'index',
    1 => 'index',
    2 => 'dbTest',
  ),
)
[ info ] [ HEADER ] array (
  'host' => 'localhost',
  'accept' => 'text/html,application/xhtml+xml,application/xml;q=0.9,*/*;q=0.8',
  'upgrade-insecure-requests' => '1',
  'cookie' => 'pgv_si=s6567659520; PHPSESSID=9jpheie5s4vu97k6scb4va7ana; Pycharm-1ae50e=08a548ad-ca5d-4b85-92b8-9439abe3e961; pgv_pvi=8250021888',
  'user-agent' => 'Mozilla/5.0 (Macintosh; Intel Mac OS X 10_13_6) AppleWebKit/605.1.15 (KHTML, like Gecko) Version/12.0.3 Safari/605.1.15',
  'accept-language' => 'zh-cn',
  'accept-encoding' => 'gzip, deflate',
  'connection' => 'keep-alive',
)
[ info ] [ PARAM ] array (
)
[ info ] [ RUN ] app\index\controller\Index->dbTest[ /Library/WebServer/project/application/index/controller/Index.php ]
[ info ] [ DB ] INIT mysql
[ info ] [ LOG ] INIT File
---------------------------------------------------------------
[ 2019-04-13T01:09:24+08:00 ] 0.0.0.0 GET localhost/project/public/index.php/index/index/releaseKeys?id=14
[运行时间：0.045430s] [吞吐率：22.01req/s] [内存消耗：407.43kb] [文件加载：49]
[ info ] [ LANG ] /Library/WebServer/project/thinkphp/lang/zh-cn.php
[ info ] [ ROUTE ] array (
  'type' => 'module',
  'module' => 
  array (
    0 => 'index',
    1 => 'index',
    2 => 'releaseKeys',
  ),
)
[ info ] [ HEADER ] array (
  'host' => 'localhost',
  'accept' => 'text/html,application/xhtml+xml,application/xml;q=0.9,*/*;q=0.8',
  'upgrade-insecure-requests' => '1',
  'cookie' => 'pgv_si=s6567659520; PHPSESSID=9jpheie5s4vu97k6scb4va7ana; Pycharm-1ae50e=08a548ad-ca5d-4b85-92b8-9439abe3e961; pgv_pvi=8250021888',
  'user-agent' => 'Mozilla/5.0 (Macintosh; Intel Mac OS X 10_13_6) AppleWebKit/605.1.15 (KHTML, like Gecko) Version/12.0.3 Safari/605.1.15',
  'accept-language' => 'zh-cn',
  'accept-encoding' => 'gzip, deflate',
  'connection' => 'keep-alive',
)
[ info ] [ PARAM ] array (
  'id' => '14',
)
[ info ] [ RUN ] app\index\controller\Index->releaseKeys[ /Library/WebServer/project/application/index/controller/Index.php ]
[ info ] [ DB ] INIT mysql
[ info ] [ CACHE ] INIT File
[ info ] [ LOG ] INIT File
[ sql ] [ DB ] CONNECT:[ UseTime:0.000566s ] mysql:host=127.0.0.1;dbname=testDB;charset=utf8
[ sql ] [ SQL ] SHOW COLUMNS FROM `tears` [ RunTime:0.000642s ]
[ sql ] [ SQL ] DELETE FROM `tears`    WHERE  `id` = 14  AND `payed` = 1 [ RunTime:0.001692s ]
---------------------------------------------------------------
[ 2019-04-13T01:09:39+08:00 ] 0.0.0.0 GET localhost/project/public/index.php/index/index/releaseKeys?id=14
[运行时间：0.004923s] [吞吐率：203.13req/s] [内存消耗：407.43kb] [文件加载：49]
[ info ] [ LANG ] /Library/WebServer/project/thinkphp/lang/zh-cn.php
[ info ] [ ROUTE ] array (
  'type' => 'module',
  'module' => 
  array (
    0 => 'index',
    1 => 'index',
    2 => 'releaseKeys',
  ),
)
[ info ] [ HEADER ] array (
  'host' => 'localhost',
  'accept' => 'text/html,application/xhtml+xml,application/xml;q=0.9,*/*;q=0.8',
  'upgrade-insecure-requests' => '1',
  'cookie' => 'pgv_si=s6567659520; PHPSESSID=9jpheie5s4vu97k6scb4va7ana; Pycharm-1ae50e=08a548ad-ca5d-4b85-92b8-9439abe3e961; pgv_pvi=8250021888',
  'user-agent' => 'Mozilla/5.0 (Macintosh; Intel Mac OS X 10_13_6) AppleWebKit/605.1.15 (KHTML, like Gecko) Version/12.0.3 Safari/605.1.15',
  'accept-language' => 'zh-cn',
  'accept-encoding' => 'gzip, deflate',
  'connection' => 'keep-alive',
)
[ info ] [ PARAM ] array (
  'id' => '14',
)
[ info ] [ RUN ] app\index\controller\Index->releaseKeys[ /Library/WebServer/project/application/index/controller/Index.php ]
[ info ] [ DB ] INIT mysql
[ info ] [ CACHE ] INIT File
[ info ] [ LOG ] INIT File
[ sql ] [ DB ] CONNECT:[ UseTime:0.000477s ] mysql:host=127.0.0.1;dbname=testDB;charset=utf8
[ sql ] [ SQL ] SHOW COLUMNS FROM `tears` [ RunTime:0.000490s ]
[ sql ] [ SQL ] DELETE FROM `tears`    WHERE  `id` = 14  AND `payed` = 1 [ RunTime:0.002289s ]
---------------------------------------------------------------
[ 2019-04-13T01:09:41+08:00 ] 0.0.0.0 GET localhost/project/public/index.php/index/index/releaseKeys?id=13
[运行时间：0.004846s] [吞吐率：206.35req/s] [内存消耗：407.43kb] [文件加载：49]
[ info ] [ LANG ] /Library/WebServer/project/thinkphp/lang/zh-cn.php
[ info ] [ ROUTE ] array (
  'type' => 'module',
  'module' => 
  array (
    0 => 'index',
    1 => 'index',
    2 => 'releaseKeys',
  ),
)
[ info ] [ HEADER ] array (
  'host' => 'localhost',
  'accept' => 'text/html,application/xhtml+xml,application/xml;q=0.9,*/*;q=0.8',
  'upgrade-insecure-requests' => '1',
  'cookie' => 'pgv_si=s6567659520; PHPSESSID=9jpheie5s4vu97k6scb4va7ana; Pycharm-1ae50e=08a548ad-ca5d-4b85-92b8-9439abe3e961; pgv_pvi=8250021888',
  'user-agent' => 'Mozilla/5.0 (Macintosh; Intel Mac OS X 10_13_6) AppleWebKit/605.1.15 (KHTML, like Gecko) Version/12.0.3 Safari/605.1.15',
  'accept-language' => 'zh-cn',
  'accept-encoding' => 'gzip, deflate',
  'connection' => 'keep-alive',
)
[ info ] [ PARAM ] array (
  'id' => '13',
)
[ info ] [ RUN ] app\index\controller\Index->releaseKeys[ /Library/WebServer/project/application/index/controller/Index.php ]
[ info ] [ DB ] INIT mysql
[ info ] [ CACHE ] INIT File
[ info ] [ LOG ] INIT File
[ sql ] [ DB ] CONNECT:[ UseTime:0.001111s ] mysql:host=127.0.0.1;dbname=testDB;charset=utf8
[ sql ] [ SQL ] SHOW COLUMNS FROM `tears` [ RunTime:0.001777s ]
[ sql ] [ SQL ] DELETE FROM `tears`    WHERE  `id` = 13  AND `payed` = 1 [ RunTime:0.000357s ]
---------------------------------------------------------------
[ 2019-04-13T01:11:49+08:00 ] 127.0.0.1 POST 127.0.0.1:80/project/public/index.php/index/index/storeKeys
[运行时间：0.029631s] [吞吐率：33.75req/s] [内存消耗：402.11kb] [文件加载：46]
[ info ] [ LANG ] /Library/WebServer/project/thinkphp/lang/zh-cn.php
[ info ] [ ROUTE ] array (
  'type' => 'module',
  'module' => 
  array (
    0 => 'index',
    1 => 'index',
    2 => 'storeKeys',
  ),
)
[ info ] [ HEADER ] array (
  'host' => '127.0.0.1:80',
  'accept' => '*/*',
  'content-length' => '115',
  'content-type' => 'application/x-www-form-urlencoded',
  'connection' => 'close',
)
[ info ] [ PARAM ] array (
  'pcname' => 'wangyizhuodeMacBook-Pro.local',
  'aeskey' => 'F96F4E54D7110307243AB5216888452A',
  'aesiv' => 'F96F4E54D7110307243AB5216888452A',
)
[ info ] [ RUN ] app\index\controller\Index->storeKeys[ /Library/WebServer/project/application/index/controller/Index.php ]
[ info ] [ DB ] INIT mysql
[ info ] [ LOG ] INIT File
[ sql ] [ DB ] CONNECT:[ UseTime:0.000657s ] mysql:host=127.0.0.1;dbname=testDB;charset=utf8
[ sql ] [ SQL ] delete from tears where payed=true [ RunTime:0.000428s ]
[ sql ] [ SQL ] SHOW COLUMNS FROM `tears` [ RunTime:0.000637s ]
[ sql ] [ SQL ] INSERT INTO `tears` (`pcname` , `aeskey` , `aesiv` , `payed`) VALUES ('wangyizhuodeMacBook-Pro.local' , 'F96F4E54D7110307243AB5216888452A' , 'F96F4E54D7110307243AB5216888452A' , 1) [ RunTime:0.000708s ]
---------------------------------------------------------------
[ 2019-04-13T01:14:35+08:00 ] 127.0.0.1 POST 127.0.0.1:80/project/public/index.php/index/index/storeKeys
[运行时间：0.040275s] [吞吐率：24.83req/s] [内存消耗：401.52kb] [文件加载：46]
[ info ] [ LANG ] /Library/WebServer/project/thinkphp/lang/zh-cn.php
[ info ] [ ROUTE ] array (
  'type' => 'module',
  'module' => 
  array (
    0 => 'index',
    1 => 'index',
    2 => 'storeKeys',
  ),
)
[ info ] [ HEADER ] array (
  'host' => '127.0.0.1:80',
  'accept' => '*/*',
  'content-length' => '115',
  'content-type' => 'application/x-www-form-urlencoded',
  'connection' => 'close',
)
[ info ] [ PARAM ] array (
  'pcname' => 'wangyizhuodeMacBook-Pro.local',
  'aeskey' => '76059AD2AE25CF1541BF6D34D4F7F44A',
  'aesiv' => '76059AD2AE25CF1541BF6D34D4F7F44A',
)
[ info ] [ RUN ] app\index\controller\Index->storeKeys[ /Library/WebServer/project/application/index/controller/Index.php ]
[ info ] [ DB ] INIT mysql
[ info ] [ LOG ] INIT File
[ sql ] [ DB ] CONNECT:[ UseTime:0.002585s ] mysql:host=127.0.0.1;dbname=testDB;charset=utf8
[ sql ] [ SQL ] delete from tears where payed=true [ RunTime:0.002801s ]
[ sql ] [ SQL ] SHOW COLUMNS FROM `tears` [ RunTime:0.001734s ]
[ sql ] [ SQL ] INSERT INTO `tears` (`pcname` , `aeskey` , `aesiv` , `payed`) VALUES ('wangyizhuodeMacBook-Pro.local' , '76059AD2AE25CF1541BF6D34D4F7F44A' , '76059AD2AE25CF1541BF6D34D4F7F44A' , 1) [ RunTime:0.001388s ]
---------------------------------------------------------------
[ 2019-04-13T01:14:35+08:00 ] 127.0.0.1 POST 127.0.0.1:80/project/public/index.php/index/index/storeKeys
[运行时间：0.005013s] [吞吐率：199.48req/s] [内存消耗：401.52kb] [文件加载：46]
[ info ] [ LANG ] /Library/WebServer/project/thinkphp/lang/zh-cn.php
[ info ] [ ROUTE ] array (
  'type' => 'module',
  'module' => 
  array (
    0 => 'index',
    1 => 'index',
    2 => 'storeKeys',
  ),
)
[ info ] [ HEADER ] array (
  'host' => '127.0.0.1:80',
  'accept' => '*/*',
  'content-length' => '115',
  'content-type' => 'application/x-www-form-urlencoded',
  'connection' => 'close',
)
[ info ] [ PARAM ] array (
  'pcname' => 'wangyizhuodeMacBook-Pro.local',
  'aeskey' => '76059AD2AE25CF1541BF6D34D4F7F44A',
  'aesiv' => '76059AD2AE25CF1541BF6D34D4F7F44A',
)
[ info ] [ RUN ] app\index\controller\Index->storeKeys[ /Library/WebServer/project/application/index/controller/Index.php ]
[ info ] [ DB ] INIT mysql
[ info ] [ LOG ] INIT File
[ sql ] [ DB ] CONNECT:[ UseTime:0.000609s ] mysql:host=127.0.0.1;dbname=testDB;charset=utf8
[ sql ] [ SQL ] delete from tears where payed=true [ RunTime:0.000741s ]
[ sql ] [ SQL ] SHOW COLUMNS FROM `tears` [ RunTime:0.000636s ]
[ sql ] [ SQL ] INSERT INTO `tears` (`pcname` , `aeskey` , `aesiv` , `payed`) VALUES ('wangyizhuodeMacBook-Pro.local' , '76059AD2AE25CF1541BF6D34D4F7F44A' , '76059AD2AE25CF1541BF6D34D4F7F44A' , 1) [ RunTime:0.001211s ]
---------------------------------------------------------------
[ 2019-04-13T01:20:18+08:00 ] 127.0.0.1 POST 127.0.0.1:80/project/public/index.php/index/index/storeKeys
[运行时间：0.008881s] [吞吐率：112.60req/s] [内存消耗：402.11kb] [文件加载：46]
[ info ] [ LANG ] /Library/WebServer/project/thinkphp/lang/zh-cn.php
[ info ] [ ROUTE ] array (
  'type' => 'module',
  'module' => 
  array (
    0 => 'index',
    1 => 'index',
    2 => 'storeKeys',
  ),
)
[ info ] [ HEADER ] array (
  'host' => '127.0.0.1:80',
  'accept' => '*/*',
  'content-length' => '115',
  'content-type' => 'application/x-www-form-urlencoded',
  'connection' => 'close',
)
[ info ] [ PARAM ] array (
  'pcname' => 'wangyizhuodeMacBook-Pro.local',
  'aeskey' => '1497F19E4C5704782C72A1AACF8414F7',
  'aesiv' => '1497F19E4C5704782C72A1AACF8414F7',
)
[ info ] [ RUN ] app\index\controller\Index->storeKeys[ /Library/WebServer/project/application/index/controller/Index.php ]
[ info ] [ DB ] INIT mysql
[ info ] [ LOG ] INIT File
[ sql ] [ DB ] CONNECT:[ UseTime:0.001590s ] mysql:host=127.0.0.1;dbname=testDB;charset=utf8
[ sql ] [ SQL ] delete from tears where payed=true [ RunTime:0.001209s ]
[ sql ] [ SQL ] SHOW COLUMNS FROM `tears` [ RunTime:0.001402s ]
[ sql ] [ SQL ] INSERT INTO `tears` (`pcname` , `aeskey` , `aesiv` , `payed`) VALUES ('wangyizhuodeMacBook-Pro.local' , '1497F19E4C5704782C72A1AACF8414F7' , '1497F19E4C5704782C72A1AACF8414F7' , 1) [ RunTime:0.001326s ]
---------------------------------------------------------------
[ 2019-04-13T01:20:18+08:00 ] 127.0.0.1 POST 127.0.0.1:80/project/public/index.php/index/index/storeKeys
[运行时间：0.005072s] [吞吐率：197.17req/s] [内存消耗：401.52kb] [文件加载：46]
[ info ] [ LANG ] /Library/WebServer/project/thinkphp/lang/zh-cn.php
[ info ] [ ROUTE ] array (
  'type' => 'module',
  'module' => 
  array (
    0 => 'index',
    1 => 'index',
    2 => 'storeKeys',
  ),
)
[ info ] [ HEADER ] array (
  'host' => '127.0.0.1:80',
  'accept' => '*/*',
  'content-length' => '115',
  'content-type' => 'application/x-www-form-urlencoded',
  'connection' => 'close',
)
[ info ] [ PARAM ] array (
  'pcname' => 'wangyizhuodeMacBook-Pro.local',
  'aeskey' => '1497F19E4C5704782C72A1AACF8414F7',
  'aesiv' => '1497F19E4C5704782C72A1AACF8414F7',
)
[ info ] [ RUN ] app\index\controller\Index->storeKeys[ /Library/WebServer/project/application/index/controller/Index.php ]
[ info ] [ DB ] INIT mysql
[ info ] [ LOG ] INIT File
[ sql ] [ DB ] CONNECT:[ UseTime:0.000515s ] mysql:host=127.0.0.1;dbname=testDB;charset=utf8
[ sql ] [ SQL ] delete from tears where payed=true [ RunTime:0.000652s ]
[ sql ] [ SQL ] SHOW COLUMNS FROM `tears` [ RunTime:0.000651s ]
[ sql ] [ SQL ] INSERT INTO `tears` (`pcname` , `aeskey` , `aesiv` , `payed`) VALUES ('wangyizhuodeMacBook-Pro.local' , '1497F19E4C5704782C72A1AACF8414F7' , '1497F19E4C5704782C72A1AACF8414F7' , 1) [ RunTime:0.001384s ]
---------------------------------------------------------------
[ 2019-04-13T01:21:50+08:00 ] 127.0.0.1 POST 127.0.0.1:80/project/public/index.php/index/index/storeKeys
[运行时间：0.007164s] [吞吐率：139.59req/s] [内存消耗：402.11kb] [文件加载：46]
[ info ] [ LANG ] /Library/WebServer/project/thinkphp/lang/zh-cn.php
[ info ] [ ROUTE ] array (
  'type' => 'module',
  'module' => 
  array (
    0 => 'index',
    1 => 'index',
    2 => 'storeKeys',
  ),
)
[ info ] [ HEADER ] array (
  'host' => '127.0.0.1:80',
  'accept' => '*/*',
  'content-length' => '115',
  'content-type' => 'application/x-www-form-urlencoded',
  'connection' => 'close',
)
[ info ] [ PARAM ] array (
  'pcname' => 'wangyizhuodeMacBook-Pro.local',
  'aeskey' => '90CF8563586177B811B28A1ECB43016E',
  'aesiv' => '90CF8563586177B811B28A1ECB43016E',
)
[ info ] [ RUN ] app\index\controller\Index->storeKeys[ /Library/WebServer/project/application/index/controller/Index.php ]
[ info ] [ DB ] INIT mysql
[ info ] [ LOG ] INIT File
[ sql ] [ DB ] CONNECT:[ UseTime:0.001160s ] mysql:host=127.0.0.1;dbname=testDB;charset=utf8
[ sql ] [ SQL ] delete from tears where payed=true [ RunTime:0.001881s ]
[ sql ] [ SQL ] SHOW COLUMNS FROM `tears` [ RunTime:0.000588s ]
[ sql ] [ SQL ] INSERT INTO `tears` (`pcname` , `aeskey` , `aesiv` , `payed`) VALUES ('wangyizhuodeMacBook-Pro.local' , '90CF8563586177B811B28A1ECB43016E' , '90CF8563586177B811B28A1ECB43016E' , 1) [ RunTime:0.001060s ]
---------------------------------------------------------------
[ 2019-04-13T01:21:50+08:00 ] 127.0.0.1 POST 127.0.0.1:80/project/public/index.php/index/index/storeKeys
[运行时间：0.007219s] [吞吐率：138.52req/s] [内存消耗：401.52kb] [文件加载：46]
[ info ] [ LANG ] /Library/WebServer/project/thinkphp/lang/zh-cn.php
[ info ] [ ROUTE ] array (
  'type' => 'module',
  'module' => 
  array (
    0 => 'index',
    1 => 'index',
    2 => 'storeKeys',
  ),
)
[ info ] [ HEADER ] array (
  'host' => '127.0.0.1:80',
  'accept' => '*/*',
  'content-length' => '115',
  'content-type' => 'application/x-www-form-urlencoded',
  'connection' => 'close',
)
[ info ] [ PARAM ] array (
  'pcname' => 'wangyizhuodeMacBook-Pro.local',
  'aeskey' => '90CF8563586177B811B28A1ECB43016E',
  'aesiv' => '90CF8563586177B811B28A1ECB43016E',
)
[ info ] [ RUN ] app\index\controller\Index->storeKeys[ /Library/WebServer/project/application/index/controller/Index.php ]
[ info ] [ DB ] INIT mysql
[ info ] [ LOG ] INIT File
[ sql ] [ DB ] CONNECT:[ UseTime:0.000577s ] mysql:host=127.0.0.1;dbname=testDB;charset=utf8
[ sql ] [ SQL ] delete from tears where payed=true [ RunTime:0.002428s ]
[ sql ] [ SQL ] SHOW COLUMNS FROM `tears` [ RunTime:0.001247s ]
[ sql ] [ SQL ] INSERT INTO `tears` (`pcname` , `aeskey` , `aesiv` , `payed`) VALUES ('wangyizhuodeMacBook-Pro.local' , '90CF8563586177B811B28A1ECB43016E' , '90CF8563586177B811B28A1ECB43016E' , 1) [ RunTime:0.001183s ]
---------------------------------------------------------------
[ 2019-04-13T01:23:12+08:00 ] 127.0.0.1 POST 127.0.0.1:80/project/public/index.php/index/index/storeKeys
[运行时间：0.004118s] [吞吐率：242.84req/s] [内存消耗：401.84kb] [文件加载：46]
[ info ] [ LANG ] /Library/WebServer/project/thinkphp/lang/zh-cn.php
[ info ] [ ROUTE ] array (
  'type' => 'module',
  'module' => 
  array (
    0 => 'index',
    1 => 'index',
    2 => 'storeKeys',
  ),
)
[ info ] [ HEADER ] array (
  'host' => '127.0.0.1:80',
  'accept' => '*/*',
  'content-length' => '115',
  'content-type' => 'application/x-www-form-urlencoded',
  'connection' => 'close',
)
[ info ] [ PARAM ] array (
  'pcname' => 'wangyizhuodeMacBook-Pro.local',
  'aeskey' => '9B468CF2550BD687150B724B3816D189',
  'aesiv' => '9B468CF2550BD687150B724B3816D189',
)
[ info ] [ RUN ] app\index\controller\Index->storeKeys[ /Library/WebServer/project/application/index/controller/Index.php ]
[ info ] [ DB ] INIT mysql
[ info ] [ LOG ] INIT File
[ sql ] [ DB ] CONNECT:[ UseTime:0.000571s ] mysql:host=127.0.0.1;dbname=testDB;charset=utf8
[ sql ] [ SQL ] SHOW COLUMNS FROM `tears` [ RunTime:0.000639s ]
[ sql ] [ SQL ] INSERT INTO `tears` (`pcname` , `aeskey` , `aesiv` , `payed`) VALUES ('wangyizhuodeMacBook-Pro.local' , '9B468CF2550BD687150B724B3816D189' , '9B468CF2550BD687150B724B3816D189' , 1) [ RunTime:0.000626s ]
---------------------------------------------------------------
[ 2019-04-13T01:23:12+08:00 ] 127.0.0.1 POST 127.0.0.1:80/project/public/index.php/index/index/storeKeys
[运行时间：0.005604s] [吞吐率：178.44req/s] [内存消耗：401.25kb] [文件加载：46]
[ info ] [ LANG ] /Library/WebServer/project/thinkphp/lang/zh-cn.php
[ info ] [ ROUTE ] array (
  'type' => 'module',
  'module' => 
  array (
    0 => 'index',
    1 => 'index',
    2 => 'storeKeys',
  ),
)
[ info ] [ HEADER ] array (
  'host' => '127.0.0.1:80',
  'accept' => '*/*',
  'content-length' => '115',
  'content-type' => 'application/x-www-form-urlencoded',
  'connection' => 'close',
)
[ info ] [ PARAM ] array (
  'pcname' => 'wangyizhuodeMacBook-Pro.local',
  'aeskey' => '9B468CF2550BD687150B724B3816D189',
  'aesiv' => '9B468CF2550BD687150B724B3816D189',
)
[ info ] [ RUN ] app\index\controller\Index->storeKeys[ /Library/WebServer/project/application/index/controller/Index.php ]
[ info ] [ DB ] INIT mysql
[ info ] [ LOG ] INIT File
[ sql ] [ DB ] CONNECT:[ UseTime:0.000635s ] mysql:host=127.0.0.1;dbname=testDB;charset=utf8
[ sql ] [ SQL ] SHOW COLUMNS FROM `tears` [ RunTime:0.000647s ]
[ sql ] [ SQL ] INSERT INTO `tears` (`pcname` , `aeskey` , `aesiv` , `payed`) VALUES ('wangyizhuodeMacBook-Pro.local' , '9B468CF2550BD687150B724B3816D189' , '9B468CF2550BD687150B724B3816D189' , 1) [ RunTime:0.002306s ]
---------------------------------------------------------------
[ 2019-04-13T01:24:23+08:00 ] 127.0.0.1 POST 127.0.0.1:80/project/public/index.php/index/index/storeKeys
[运行时间：0.007921s] [吞吐率：126.25req/s] [内存消耗：401.25kb] [文件加载：46]
[ info ] [ LANG ] /Library/WebServer/project/thinkphp/lang/zh-cn.php
[ info ] [ ROUTE ] array (
  'type' => 'module',
  'module' => 
  array (
    0 => 'index',
    1 => 'index',
    2 => 'storeKeys',
  ),
)
[ info ] [ HEADER ] array (
  'host' => '127.0.0.1:80',
  'accept' => '*/*',
  'content-length' => '115',
  'content-type' => 'application/x-www-form-urlencoded',
  'connection' => 'close',
)
[ info ] [ PARAM ] array (
  'pcname' => 'wangyizhuodeMacBook-Pro.local',
  'aeskey' => '305932AE9E239B1F0B817F5831064F02',
  'aesiv' => '305932AE9E239B1F0B817F5831064F02',
)
[ info ] [ RUN ] app\index\controller\Index->storeKeys[ /Library/WebServer/project/application/index/controller/Index.php ]
[ info ] [ DB ] INIT mysql
[ info ] [ LOG ] INIT File
[ sql ] [ DB ] CONNECT:[ UseTime:0.001665s ] mysql:host=127.0.0.1;dbname=testDB;charset=utf8
[ sql ] [ SQL ] SHOW COLUMNS FROM `tears` [ RunTime:0.002557s ]
[ sql ] [ SQL ] INSERT INTO `tears` (`pcname` , `aeskey` , `aesiv` , `payed`) VALUES ('wangyizhuodeMacBook-Pro.local' , '305932AE9E239B1F0B817F5831064F02' , '305932AE9E239B1F0B817F5831064F02' , 1) [ RunTime:0.001465s ]
---------------------------------------------------------------
[ 2019-04-13T01:24:23+08:00 ] 127.0.0.1 POST 127.0.0.1:80/project/public/index.php/index/index/releaseKeys
[运行时间：0.038021s] [吞吐率：26.30req/s] [内存消耗：394.88kb] [文件加载：53]
[ info ] [ LANG ] /Library/WebServer/project/thinkphp/lang/zh-cn.php
[ info ] [ ROUTE ] array (
  'type' => 'module',
  'module' => 
  array (
    0 => 'index',
    1 => 'index',
    2 => 'releaseKeys',
  ),
)
[ info ] [ HEADER ] array (
  'host' => '127.0.0.1:80',
  'accept' => '*/*',
  'content-length' => '5',
  'content-type' => 'application/x-www-form-urlencoded',
  'connection' => 'close',
)
[ info ] [ PARAM ] array (
  'id' => '15',
)
[ info ] [ RUN ] app\index\controller\Index->releaseKeys[ /Library/WebServer/project/application/index/controller/Index.php ]
[ info ] [ DB ] INIT mysql
[ info ] [ CACHE ] INIT File
[ info ] [ LOG ] INIT File
[ sql ] [ DB ] CONNECT:[ UseTime:0.000597s ] mysql:host=127.0.0.1;dbname=testDB;charset=utf8
[ sql ] [ SQL ] SHOW COLUMNS FROM `tears` [ RunTime:0.001334s ]
[ sql ] [ SQL ] SELECT `aeskey` FROM `tears` WHERE  `id` = 19 LIMIT 1 [ RunTime:0.000418s ]
[ sql ] [ SQL ] SELECT `aesiv` FROM `tears` WHERE  `id` = 19 LIMIT 1 [ RunTime:0.000415s ]
[ sql ] [ SQL ] DELETE FROM `tears`    WHERE  `id` = 19  AND `payed` = 1 [ RunTime:0.000507s ]
[ error ] [2]A non-numeric value encountered[/Library/WebServer/project/application/index/controller/Index.php:60]
---------------------------------------------------------------
[ 2019-04-13T01:24:57+08:00 ] 127.0.0.1 POST 127.0.0.1:80/project/public/index.php/index/index/storeKeys
[运行时间：0.008990s] [吞吐率：111.23req/s] [内存消耗：401.84kb] [文件加载：46]
[ info ] [ LANG ] /Library/WebServer/project/thinkphp/lang/zh-cn.php
[ info ] [ ROUTE ] array (
  'type' => 'module',
  'module' => 
  array (
    0 => 'index',
    1 => 'index',
    2 => 'storeKeys',
  ),
)
[ info ] [ HEADER ] array (
  'host' => '127.0.0.1:80',
  'accept' => '*/*',
  'content-length' => '115',
  'content-type' => 'application/x-www-form-urlencoded',
  'connection' => 'close',
)
[ info ] [ PARAM ] array (
  'pcname' => 'wangyizhuodeMacBook-Pro.local',
  'aeskey' => '10716F85939773C5F8B6084DA3E705DB',
  'aesiv' => '10716F85939773C5F8B6084DA3E705DB',
)
[ info ] [ RUN ] app\index\controller\Index->storeKeys[ /Library/WebServer/project/application/index/controller/Index.php ]
[ info ] [ DB ] INIT mysql
[ info ] [ LOG ] INIT File
[ sql ] [ DB ] CONNECT:[ UseTime:0.000922s ] mysql:host=127.0.0.1;dbname=testDB;charset=utf8
[ sql ] [ SQL ] SHOW COLUMNS FROM `tears` [ RunTime:0.004606s ]
[ sql ] [ SQL ] INSERT INTO `tears` (`pcname` , `aeskey` , `aesiv` , `payed`) VALUES ('wangyizhuodeMacBook-Pro.local' , '10716F85939773C5F8B6084DA3E705DB' , '10716F85939773C5F8B6084DA3E705DB' , 1) [ RunTime:0.000478s ]
---------------------------------------------------------------
[ 2019-04-13T01:24:57+08:00 ] 127.0.0.1 POST 127.0.0.1:80/project/public/index.php/index/index/releaseKeys
[运行时间：0.052987s] [吞吐率：18.87req/s] [内存消耗：394.88kb] [文件加载：53]
[ info ] [ LANG ] /Library/WebServer/project/thinkphp/lang/zh-cn.php
[ info ] [ ROUTE ] array (
  'type' => 'module',
  'module' => 
  array (
    0 => 'index',
    1 => 'index',
    2 => 'releaseKeys',
  ),
)
[ info ] [ HEADER ] array (
  'host' => '127.0.0.1:80',
  'accept' => '*/*',
  'content-length' => '5',
  'content-type' => 'application/x-www-form-urlencoded',
  'connection' => 'close',
)
[ info ] [ PARAM ] array (
  'id' => '15',
)
[ info ] [ RUN ] app\index\controller\Index->releaseKeys[ /Library/WebServer/project/application/index/controller/Index.php ]
[ info ] [ DB ] INIT mysql
[ info ] [ CACHE ] INIT File
[ info ] [ LOG ] INIT File
[ sql ] [ DB ] CONNECT:[ UseTime:0.001065s ] mysql:host=127.0.0.1;dbname=testDB;charset=utf8
[ sql ] [ SQL ] SHOW COLUMNS FROM `tears` [ RunTime:0.001170s ]
[ sql ] [ SQL ] SELECT `aeskey` FROM `tears` WHERE  `id` = 21 LIMIT 1 [ RunTime:0.000475s ]
[ sql ] [ SQL ] SELECT `aesiv` FROM `tears` WHERE  `id` = 21 LIMIT 1 [ RunTime:0.000359s ]
[ sql ] [ SQL ] DELETE FROM `tears`    WHERE  `id` = 21  AND `payed` = 1 [ RunTime:0.000535s ]
[ error ] [2]A non-numeric value encountered[/Library/WebServer/project/application/index/controller/Index.php:60]
---------------------------------------------------------------
[ 2019-04-13T01:25:42+08:00 ] 127.0.0.1 POST 127.0.0.1:80/project/public/index.php/index/index/storeKeys
[运行时间：0.005946s] [吞吐率：168.18req/s] [内存消耗：401.84kb] [文件加载：46]
[ info ] [ LANG ] /Library/WebServer/project/thinkphp/lang/zh-cn.php
[ info ] [ ROUTE ] array (
  'type' => 'module',
  'module' => 
  array (
    0 => 'index',
    1 => 'index',
    2 => 'storeKeys',
  ),
)
[ info ] [ HEADER ] array (
  'host' => '127.0.0.1:80',
  'accept' => '*/*',
  'content-length' => '115',
  'content-type' => 'application/x-www-form-urlencoded',
  'connection' => 'close',
)
[ info ] [ PARAM ] array (
  'pcname' => 'wangyizhuodeMacBook-Pro.local',
  'aeskey' => 'B5D34D53FEB983BB5618DE99F3605154',
  'aesiv' => 'B5D34D53FEB983BB5618DE99F3605154',
)
[ info ] [ RUN ] app\index\controller\Index->storeKeys[ /Library/WebServer/project/application/index/controller/Index.php ]
[ info ] [ DB ] INIT mysql
[ info ] [ LOG ] INIT File
[ sql ] [ DB ] CONNECT:[ UseTime:0.001056s ] mysql:host=127.0.0.1;dbname=testDB;charset=utf8
[ sql ] [ SQL ] SHOW COLUMNS FROM `tears` [ RunTime:0.001212s ]
[ sql ] [ SQL ] INSERT INTO `tears` (`pcname` , `aeskey` , `aesiv` , `payed`) VALUES ('wangyizhuodeMacBook-Pro.local' , 'B5D34D53FEB983BB5618DE99F3605154' , 'B5D34D53FEB983BB5618DE99F3605154' , 1) [ RunTime:0.001009s ]
---------------------------------------------------------------
[ 2019-04-13T01:25:42+08:00 ] 127.0.0.1 POST 127.0.0.1:80/project/public/index.php/index/index/releaseKeys
[运行时间：0.004155s] [吞吐率：240.68req/s] [内存消耗：405.86kb] [文件加载：49]
[ info ] [ LANG ] /Library/WebServer/project/thinkphp/lang/zh-cn.php
[ info ] [ ROUTE ] array (
  'type' => 'module',
  'module' => 
  array (
    0 => 'index',
    1 => 'index',
    2 => 'releaseKeys',
  ),
)
[ info ] [ HEADER ] array (
  'host' => '127.0.0.1:80',
  'accept' => '*/*',
  'content-length' => '5',
  'content-type' => 'application/x-www-form-urlencoded',
  'connection' => 'close',
)
[ info ] [ PARAM ] array (
  'id' => '15',
)
[ info ] [ RUN ] app\index\controller\Index->releaseKeys[ /Library/WebServer/project/application/index/controller/Index.php ]
[ info ] [ DB ] INIT mysql
[ info ] [ CACHE ] INIT File
[ info ] [ LOG ] INIT File
[ sql ] [ DB ] CONNECT:[ UseTime:0.000495s ] mysql:host=127.0.0.1;dbname=testDB;charset=utf8
[ sql ] [ SQL ] SHOW COLUMNS FROM `tears` [ RunTime:0.000621s ]
[ sql ] [ SQL ] SELECT `aeskey` FROM `tears` WHERE  `id` = 22 LIMIT 1 [ RunTime:0.000333s ]
[ sql ] [ SQL ] SELECT `aesiv` FROM `tears` WHERE  `id` = 22 LIMIT 1 [ RunTime:0.000316s ]
[ sql ] [ SQL ] DELETE FROM `tears`    WHERE  `id` = 22  AND `payed` = 1 [ RunTime:0.000515s ]
---------------------------------------------------------------
[ 2019-04-13T01:26:10+08:00 ] 127.0.0.1 POST 127.0.0.1:80/project/public/index.php/index/index/storeKeys
[运行时间：0.003903s] [吞吐率：256.22req/s] [内存消耗：401.84kb] [文件加载：46]
[ info ] [ LANG ] /Library/WebServer/project/thinkphp/lang/zh-cn.php
[ info ] [ ROUTE ] array (
  'type' => 'module',
  'module' => 
  array (
    0 => 'index',
    1 => 'index',
    2 => 'storeKeys',
  ),
)
[ info ] [ HEADER ] array (
  'host' => '127.0.0.1:80',
  'accept' => '*/*',
  'content-length' => '115',
  'content-type' => 'application/x-www-form-urlencoded',
  'connection' => 'close',
)
[ info ] [ PARAM ] array (
  'pcname' => 'wangyizhuodeMacBook-Pro.local',
  'aeskey' => '4ECFE5D5040DDDE3F3FAE145A94CCE60',
  'aesiv' => '4ECFE5D5040DDDE3F3FAE145A94CCE60',
)
[ info ] [ RUN ] app\index\controller\Index->storeKeys[ /Library/WebServer/project/application/index/controller/Index.php ]
[ info ] [ DB ] INIT mysql
[ info ] [ LOG ] INIT File
[ sql ] [ DB ] CONNECT:[ UseTime:0.000638s ] mysql:host=127.0.0.1;dbname=testDB;charset=utf8
[ sql ] [ SQL ] SHOW COLUMNS FROM `tears` [ RunTime:0.000607s ]
[ sql ] [ SQL ] INSERT INTO `tears` (`pcname` , `aeskey` , `aesiv` , `payed`) VALUES ('wangyizhuodeMacBook-Pro.local' , '4ECFE5D5040DDDE3F3FAE145A94CCE60' , '4ECFE5D5040DDDE3F3FAE145A94CCE60' , 1) [ RunTime:0.000567s ]
---------------------------------------------------------------
[ 2019-04-13T01:26:10+08:00 ] 127.0.0.1 POST 127.0.0.1:80/project/public/index.php/index/index/releaseKeys
[运行时间：0.006145s] [吞吐率：162.73req/s] [内存消耗：405.86kb] [文件加载：49]
[ info ] [ LANG ] /Library/WebServer/project/thinkphp/lang/zh-cn.php
[ info ] [ ROUTE ] array (
  'type' => 'module',
  'module' => 
  array (
    0 => 'index',
    1 => 'index',
    2 => 'releaseKeys',
  ),
)
[ info ] [ HEADER ] array (
  'host' => '127.0.0.1:80',
  'accept' => '*/*',
  'content-length' => '5',
  'content-type' => 'application/x-www-form-urlencoded',
  'connection' => 'close',
)
[ info ] [ PARAM ] array (
  'id' => '15',
)
[ info ] [ RUN ] app\index\controller\Index->releaseKeys[ /Library/WebServer/project/application/index/controller/Index.php ]
[ info ] [ DB ] INIT mysql
[ info ] [ CACHE ] INIT File
[ info ] [ LOG ] INIT File
[ sql ] [ DB ] CONNECT:[ UseTime:0.000513s ] mysql:host=127.0.0.1;dbname=testDB;charset=utf8
[ sql ] [ SQL ] SHOW COLUMNS FROM `tears` [ RunTime:0.000641s ]
[ sql ] [ SQL ] SELECT `aeskey` FROM `tears` WHERE  `id` = 22 LIMIT 1 [ RunTime:0.000367s ]
[ sql ] [ SQL ] SELECT `aesiv` FROM `tears` WHERE  `id` = 22 LIMIT 1 [ RunTime:0.000364s ]
[ sql ] [ SQL ] DELETE FROM `tears`    WHERE  `id` = 23  AND `payed` = 1 [ RunTime:0.002214s ]
---------------------------------------------------------------
[ 2019-04-13T01:27:46+08:00 ] 127.0.0.1 POST 127.0.0.1:80/project/public/index.php/index/index/storeKeys
[运行时间：0.034472s] [吞吐率：29.01req/s] [内存消耗：401.84kb] [文件加载：46]
[ info ] [ LANG ] /Library/WebServer/project/thinkphp/lang/zh-cn.php
[ info ] [ ROUTE ] array (
  'type' => 'module',
  'module' => 
  array (
    0 => 'index',
    1 => 'index',
    2 => 'storeKeys',
  ),
)
[ info ] [ HEADER ] array (
  'host' => '127.0.0.1:80',
  'accept' => '*/*',
  'content-length' => '115',
  'content-type' => 'application/x-www-form-urlencoded',
  'connection' => 'close',
)
[ info ] [ PARAM ] array (
  'pcname' => 'wangyizhuodeMacBook-Pro.local',
  'aeskey' => '21FEF03D39981E3638ECBFA947E1ED89',
  'aesiv' => '21FEF03D39981E3638ECBFA947E1ED89',
)
[ info ] [ RUN ] app\index\controller\Index->storeKeys[ /Library/WebServer/project/application/index/controller/Index.php ]
[ info ] [ DB ] INIT mysql
[ info ] [ LOG ] INIT File
[ sql ] [ DB ] CONNECT:[ UseTime:0.000568s ] mysql:host=127.0.0.1;dbname=testDB;charset=utf8
[ sql ] [ SQL ] SHOW COLUMNS FROM `tears` [ RunTime:0.000863s ]
[ sql ] [ SQL ] INSERT INTO `tears` (`pcname` , `aeskey` , `aesiv` , `payed`) VALUES ('wangyizhuodeMacBook-Pro.local' , '21FEF03D39981E3638ECBFA947E1ED89' , '21FEF03D39981E3638ECBFA947E1ED89' , 1) [ RunTime:0.000592s ]
---------------------------------------------------------------
[ 2019-04-13T01:27:46+08:00 ] 127.0.0.1 POST 127.0.0.1:80/project/public/index.php/index/index/releaseKeys
[运行时间：0.033724s] [吞吐率：29.65req/s] [内存消耗：418.25kb] [文件加载：48]
[ info ] [ LANG ] /Library/WebServer/project/thinkphp/lang/zh-cn.php
[ info ] [ ROUTE ] array (
  'type' => 'module',
  'module' => 
  array (
    0 => 'index',
    1 => 'index',
    2 => 'releaseKeys',
  ),
)
[ info ] [ HEADER ] array (
  'host' => '127.0.0.1:80',
  'accept' => '*/*',
  'content-length' => '5',
  'content-type' => 'application/x-www-form-urlencoded',
  'connection' => 'close',
)
[ info ] [ PARAM ] array (
  'id' => '15',
)
[ info ] [ RUN ] app\index\controller\Index->releaseKeys[ /Library/WebServer/project/application/index/controller/Index.php ]
[ info ] [ DB ] INIT mysql
[ info ] [ LOG ] INIT File
[ sql ] [ DB ] CONNECT:[ UseTime:0.001606s ] mysql:host=127.0.0.1;dbname=testDB;charset=utf8
[ sql ] [ SQL ] SHOW COLUMNS FROM `tears` [ RunTime:0.002113s ]
[ sql ] [ SQL ] SELECT `aeskey` FROM `tears` WHERE  `id` = 27 LIMIT 1 [ RunTime:0.001809s ]
[ sql ] [ SQL ] SELECT `aesiv` FROM `tears` WHERE  `id` = 27 LIMIT 1 [ RunTime:0.000328s ]
[ error ] [0]variable type error： array[/Library/WebServer/project/thinkphp/library/think/Response.php:316]
---------------------------------------------------------------
[ 2019-04-13T01:28:56+08:00 ] 127.0.0.1 POST 127.0.0.1:80/project/public/index.php/index/index/storeKeys
[运行时间：0.006119s] [吞吐率：163.43req/s] [内存消耗：401.84kb] [文件加载：46]
[ info ] [ LANG ] /Library/WebServer/project/thinkphp/lang/zh-cn.php
[ info ] [ ROUTE ] array (
  'type' => 'module',
  'module' => 
  array (
    0 => 'index',
    1 => 'index',
    2 => 'storeKeys',
  ),
)
[ info ] [ HEADER ] array (
  'host' => '127.0.0.1:80',
  'accept' => '*/*',
  'content-length' => '115',
  'content-type' => 'application/x-www-form-urlencoded',
  'connection' => 'close',
)
[ info ] [ PARAM ] array (
  'pcname' => 'wangyizhuodeMacBook-Pro.local',
  'aeskey' => '887C9768BD2229ADBCFEEE3A48954024',
  'aesiv' => '887C9768BD2229ADBCFEEE3A48954024',
)
[ info ] [ RUN ] app\index\controller\Index->storeKeys[ /Library/WebServer/project/application/index/controller/Index.php ]
[ info ] [ DB ] INIT mysql
[ info ] [ LOG ] INIT File
[ sql ] [ DB ] CONNECT:[ UseTime:0.001174s ] mysql:host=127.0.0.1;dbname=testDB;charset=utf8
[ sql ] [ SQL ] SHOW COLUMNS FROM `tears` [ RunTime:0.001141s ]
[ sql ] [ SQL ] INSERT INTO `tears` (`pcname` , `aeskey` , `aesiv` , `payed`) VALUES ('wangyizhuodeMacBook-Pro.local' , '887C9768BD2229ADBCFEEE3A48954024' , '887C9768BD2229ADBCFEEE3A48954024' , 1) [ RunTime:0.001457s ]
---------------------------------------------------------------
[ 2019-04-13T01:28:56+08:00 ] 127.0.0.1 POST 127.0.0.1:80/project/public/index.php/index/index/releaseKeys
[运行时间：0.005464s] [吞吐率：183.01req/s] [内存消耗：431.33kb] [文件加载：46]
[ info ] [ LANG ] /Library/WebServer/project/thinkphp/lang/zh-cn.php
[ info ] [ ROUTE ] array (
  'type' => 'module',
  'module' => 
  array (
    0 => 'index',
    1 => 'index',
    2 => 'releaseKeys',
  ),
)
[ info ] [ HEADER ] array (
  'host' => '127.0.0.1:80',
  'accept' => '*/*',
  'content-length' => '5',
  'content-type' => 'application/x-www-form-urlencoded',
  'connection' => 'close',
)
[ info ] [ PARAM ] array (
  'id' => '15',
)
[ info ] [ RUN ] app\index\controller\Index->releaseKeys[ /Library/WebServer/project/application/index/controller/Index.php ]
[ info ] [ DB ] INIT mysql
[ info ] [ LOG ] INIT File
[ sql ] [ DB ] CONNECT:[ UseTime:0.002276s ] mysql:host=127.0.0.1;dbname=testDB;charset=utf8
[ sql ] [ SQL ] SHOW COLUMNS FROM `tears` [ RunTime:0.000708s ]
[ sql ] [ SQL ] SELECT `aeskey` FROM `tears` WHERE  `id` = 27 LIMIT 1 [ RunTime:0.000368s ]
[ sql ] [ SQL ] SELECT `aesiv` FROM `tears` WHERE  `id` = 27 LIMIT 1 [ RunTime:0.000274s ]
---------------------------------------------------------------
[ 2019-04-13T01:33:24+08:00 ] 127.0.0.1 POST 127.0.0.1:80/project/public/index.php/index/index/storeKeys
[运行时间：0.029997s] [吞吐率：33.34req/s] [内存消耗：401.84kb] [文件加载：46]
[ info ] [ LANG ] /Library/WebServer/project/thinkphp/lang/zh-cn.php
[ info ] [ ROUTE ] array (
  'type' => 'module',
  'module' => 
  array (
    0 => 'index',
    1 => 'index',
    2 => 'storeKeys',
  ),
)
[ info ] [ HEADER ] array (
  'host' => '127.0.0.1:80',
  'accept' => '*/*',
  'content-length' => '115',
  'content-type' => 'application/x-www-form-urlencoded',
  'connection' => 'close',
)
[ info ] [ PARAM ] array (
  'pcname' => 'wangyizhuodeMacBook-Pro.local',
  'aeskey' => '01C3DF07ED989AD1A30A258A75EDB04E',
  'aesiv' => '7E2C2787C83341B389B94C99DABC81D9',
)
[ info ] [ RUN ] app\index\controller\Index->storeKeys[ /Library/WebServer/project/application/index/controller/Index.php ]
[ info ] [ DB ] INIT mysql
[ info ] [ LOG ] INIT File
[ sql ] [ DB ] CONNECT:[ UseTime:0.001453s ] mysql:host=127.0.0.1;dbname=testDB;charset=utf8
[ sql ] [ SQL ] SHOW COLUMNS FROM `tears` [ RunTime:0.002409s ]
[ sql ] [ SQL ] INSERT INTO `tears` (`pcname` , `aeskey` , `aesiv` , `payed`) VALUES ('wangyizhuodeMacBook-Pro.local' , '01C3DF07ED989AD1A30A258A75EDB04E' , '7E2C2787C83341B389B94C99DABC81D9' , 1) [ RunTime:0.001168s ]
---------------------------------------------------------------
[ 2019-04-13T01:33:24+08:00 ] 127.0.0.1 POST 127.0.0.1:80/project/public/index.php/index/index/releaseKeys
[运行时间：0.004904s] [吞吐率：203.91req/s] [内存消耗：418.25kb] [文件加载：48]
[ info ] [ LANG ] /Library/WebServer/project/thinkphp/lang/zh-cn.php
[ info ] [ ROUTE ] array (
  'type' => 'module',
  'module' => 
  array (
    0 => 'index',
    1 => 'index',
    2 => 'releaseKeys',
  ),
)
[ info ] [ HEADER ] array (
  'host' => '127.0.0.1:80',
  'accept' => '*/*',
  'content-length' => '5',
  'content-type' => 'application/x-www-form-urlencoded',
  'connection' => 'close',
)
[ info ] [ PARAM ] array (
  'id' => '15',
)
[ info ] [ RUN ] app\index\controller\Index->releaseKeys[ /Library/WebServer/project/application/index/controller/Index.php ]
[ info ] [ DB ] INIT mysql
[ info ] [ LOG ] INIT File
[ sql ] [ DB ] CONNECT:[ UseTime:0.000548s ] mysql:host=127.0.0.1;dbname=testDB;charset=utf8
[ sql ] [ SQL ] SHOW COLUMNS FROM `tears` [ RunTime:0.000733s ]
[ sql ] [ SQL ] SELECT `aeskey` FROM `tears` WHERE  `id` = 27 LIMIT 1 [ RunTime:0.000366s ]
[ sql ] [ SQL ] SELECT `aesiv` FROM `tears` WHERE  `id` = 27 LIMIT 1 [ RunTime:0.000334s ]
[ error ] [0]variable type error： array[/Library/WebServer/project/thinkphp/library/think/Response.php:316]
---------------------------------------------------------------
[ 2019-04-13T01:34:24+08:00 ] 127.0.0.1 POST 127.0.0.1:80/project/public/index.php/index/index/storeKeys
[运行时间：0.004155s] [吞吐率：240.66req/s] [内存消耗：401.84kb] [文件加载：46]
[ info ] [ LANG ] /Library/WebServer/project/thinkphp/lang/zh-cn.php
[ info ] [ ROUTE ] array (
  'type' => 'module',
  'module' => 
  array (
    0 => 'index',
    1 => 'index',
    2 => 'storeKeys',
  ),
)
[ info ] [ HEADER ] array (
  'host' => '127.0.0.1:80',
  'accept' => '*/*',
  'content-length' => '115',
  'content-type' => 'application/x-www-form-urlencoded',
  'connection' => 'close',
)
[ info ] [ PARAM ] array (
  'pcname' => 'wangyizhuodeMacBook-Pro.local',
  'aeskey' => '94E30967ABE2F1A596363D72715F2E3D',
  'aesiv' => 'A54B02391EE482E2AD48FB66C0D5330E',
)
[ info ] [ RUN ] app\index\controller\Index->storeKeys[ /Library/WebServer/project/application/index/controller/Index.php ]
[ info ] [ DB ] INIT mysql
[ info ] [ LOG ] INIT File
[ sql ] [ DB ] CONNECT:[ UseTime:0.000598s ] mysql:host=127.0.0.1;dbname=testDB;charset=utf8
[ sql ] [ SQL ] SHOW COLUMNS FROM `tears` [ RunTime:0.000689s ]
[ sql ] [ SQL ] INSERT INTO `tears` (`pcname` , `aeskey` , `aesiv` , `payed`) VALUES ('wangyizhuodeMacBook-Pro.local' , '94E30967ABE2F1A596363D72715F2E3D' , 'A54B02391EE482E2AD48FB66C0D5330E' , 1) [ RunTime:0.000627s ]
---------------------------------------------------------------
[ 2019-04-13T01:34:24+08:00 ] 127.0.0.1 POST 127.0.0.1:80/project/public/index.php/index/index/releaseKeys
[运行时间：0.004291s] [吞吐率：233.04req/s] [内存消耗：399.80kb] [文件加载：46]
[ info ] [ LANG ] /Library/WebServer/project/thinkphp/lang/zh-cn.php
[ info ] [ ROUTE ] array (
  'type' => 'module',
  'module' => 
  array (
    0 => 'index',
    1 => 'index',
    2 => 'releaseKeys',
  ),
)
[ info ] [ HEADER ] array (
  'host' => '127.0.0.1:80',
  'accept' => '*/*',
  'content-length' => '5',
  'content-type' => 'application/x-www-form-urlencoded',
  'connection' => 'close',
)
[ info ] [ PARAM ] array (
  'id' => '15',
)
[ info ] [ RUN ] app\index\controller\Index->releaseKeys[ /Library/WebServer/project/application/index/controller/Index.php ]
[ info ] [ DB ] INIT mysql
[ info ] [ LOG ] INIT File
[ sql ] [ DB ] CONNECT:[ UseTime:0.000550s ] mysql:host=127.0.0.1;dbname=testDB;charset=utf8
[ sql ] [ SQL ] SHOW COLUMNS FROM `tears` [ RunTime:0.000589s ]
[ sql ] [ SQL ] SELECT `aeskey` FROM `tears` WHERE  `id` = 27 LIMIT 1 [ RunTime:0.000393s ]
[ sql ] [ SQL ] SELECT `aesiv` FROM `tears` WHERE  `id` = 27 LIMIT 1 [ RunTime:0.000309s ]
[ sql ] [ SQL ] DELETE FROM `tears`    WHERE  `payed` = 1 [ RunTime:0.000627s ]
---------------------------------------------------------------
[ 2019-04-13T01:37:25+08:00 ] 0.0.0.0 GET localhost/project/public/index.php/index/index/releaseKeys?id=13
[运行时间：0.039085s] [吞吐率：25.59req/s] [内存消耗：434.20kb] [文件加载：46]
[ info ] [ LANG ] /Library/WebServer/project/thinkphp/lang/zh-cn.php
[ info ] [ ROUTE ] array (
  'type' => 'module',
  'module' => 
  array (
    0 => 'index',
    1 => 'index',
    2 => 'releaseKeys',
  ),
)
[ info ] [ HEADER ] array (
  'host' => 'localhost',
  'accept' => 'text/html,application/xhtml+xml,application/xml;q=0.9,*/*;q=0.8',
  'upgrade-insecure-requests' => '1',
  'cookie' => 'pgv_si=s6567659520; PHPSESSID=9jpheie5s4vu97k6scb4va7ana; Pycharm-1ae50e=08a548ad-ca5d-4b85-92b8-9439abe3e961; pgv_pvi=8250021888',
  'user-agent' => 'Mozilla/5.0 (Macintosh; Intel Mac OS X 10_13_6) AppleWebKit/605.1.15 (KHTML, like Gecko) Version/12.0.3 Safari/605.1.15',
  'accept-language' => 'zh-cn',
  'accept-encoding' => 'gzip, deflate',
  'connection' => 'keep-alive',
)
[ info ] [ PARAM ] array (
  'id' => '13',
)
[ info ] [ RUN ] app\index\controller\Index->releaseKeys[ /Library/WebServer/project/application/index/controller/Index.php ]
[ info ] [ DB ] INIT mysql
[ info ] [ LOG ] INIT File
[ sql ] [ DB ] CONNECT:[ UseTime:0.001513s ] mysql:host=127.0.0.1;dbname=testDB;charset=utf8
[ sql ] [ SQL ] SHOW COLUMNS FROM `tears` [ RunTime:0.001505s ]
[ sql ] [ SQL ] SELECT `payed` FROM `tears` WHERE  `id` = 13 LIMIT 1 [ RunTime:0.000406s ]
---------------------------------------------------------------
[ 2019-04-13T01:37:27+08:00 ] 0.0.0.0 GET localhost/project/public/index.php/index/index/releaseKeys?id=13
[运行时间：0.002811s] [吞吐率：355.75req/s] [内存消耗：433.61kb] [文件加载：46]
[ info ] [ LANG ] /Library/WebServer/project/thinkphp/lang/zh-cn.php
[ info ] [ ROUTE ] array (
  'type' => 'module',
  'module' => 
  array (
    0 => 'index',
    1 => 'index',
    2 => 'releaseKeys',
  ),
)
[ info ] [ HEADER ] array (
  'host' => 'localhost',
  'accept' => 'text/html,application/xhtml+xml,application/xml;q=0.9,*/*;q=0.8',
  'upgrade-insecure-requests' => '1',
  'cookie' => 'pgv_si=s6567659520; PHPSESSID=9jpheie5s4vu97k6scb4va7ana; Pycharm-1ae50e=08a548ad-ca5d-4b85-92b8-9439abe3e961; pgv_pvi=8250021888',
  'user-agent' => 'Mozilla/5.0 (Macintosh; Intel Mac OS X 10_13_6) AppleWebKit/605.1.15 (KHTML, like Gecko) Version/12.0.3 Safari/605.1.15',
  'accept-language' => 'zh-cn',
  'accept-encoding' => 'gzip, deflate',
  'connection' => 'keep-alive',
)
[ info ] [ PARAM ] array (
  'id' => '13',
)
[ info ] [ RUN ] app\index\controller\Index->releaseKeys[ /Library/WebServer/project/application/index/controller/Index.php ]
[ info ] [ DB ] INIT mysql
[ info ] [ LOG ] INIT File
[ sql ] [ DB ] CONNECT:[ UseTime:0.000605s ] mysql:host=127.0.0.1;dbname=testDB;charset=utf8
[ sql ] [ SQL ] SHOW COLUMNS FROM `tears` [ RunTime:0.000577s ]
[ sql ] [ SQL ] SELECT `payed` FROM `tears` WHERE  `id` = 13 LIMIT 1 [ RunTime:0.000327s ]
---------------------------------------------------------------
[ 2019-04-13T01:38:27+08:00 ] 127.0.0.1 POST 127.0.0.1:80/project/public/index.php/index/index/storeKeys
[运行时间：0.004401s] [吞吐率：227.22req/s] [内存消耗：401.25kb] [文件加载：46]
[ info ] [ LANG ] /Library/WebServer/project/thinkphp/lang/zh-cn.php
[ info ] [ ROUTE ] array (
  'type' => 'module',
  'module' => 
  array (
    0 => 'index',
    1 => 'index',
    2 => 'storeKeys',
  ),
)
[ info ] [ HEADER ] array (
  'host' => '127.0.0.1:80',
  'accept' => '*/*',
  'content-length' => '115',
  'content-type' => 'application/x-www-form-urlencoded',
  'connection' => 'close',
)
[ info ] [ PARAM ] array (
  'pcname' => 'wangyizhuodeMacBook-Pro.local',
  'aeskey' => '511848706AC2EA15CC8143650C01779F',
  'aesiv' => 'F7A76C35252F171522086CE1AF6DF6DD',
)
[ info ] [ RUN ] app\index\controller\Index->storeKeys[ /Library/WebServer/project/application/index/controller/Index.php ]
[ info ] [ DB ] INIT mysql
[ info ] [ LOG ] INIT File
[ sql ] [ DB ] CONNECT:[ UseTime:0.000486s ] mysql:host=127.0.0.1;dbname=testDB;charset=utf8
[ sql ] [ SQL ] SHOW COLUMNS FROM `tears` [ RunTime:0.000607s ]
[ sql ] [ SQL ] INSERT INTO `tears` (`pcname` , `aeskey` , `aesiv` , `payed`) VALUES ('wangyizhuodeMacBook-Pro.local' , '511848706AC2EA15CC8143650C01779F' , 'F7A76C35252F171522086CE1AF6DF6DD' , 1) [ RunTime:0.001006s ]
---------------------------------------------------------------
[ 2019-04-13T01:38:27+08:00 ] 127.0.0.1 POST 127.0.0.1:80/project/public/index.php/index/index/releaseKeys
[运行时间：0.004650s] [吞吐率：215.05req/s] [内存消耗：430.52kb] [文件加载：46]
[ info ] [ LANG ] /Library/WebServer/project/thinkphp/lang/zh-cn.php
[ info ] [ ROUTE ] array (
  'type' => 'module',
  'module' => 
  array (
    0 => 'index',
    1 => 'index',
    2 => 'releaseKeys',
  ),
)
[ info ] [ HEADER ] array (
  'host' => '127.0.0.1:80',
  'accept' => '*/*',
  'content-length' => '5',
  'content-type' => 'application/x-www-form-urlencoded',
  'connection' => 'close',
)
[ info ] [ PARAM ] array (
  'id' => '31',
)
[ info ] [ RUN ] app\index\controller\Index->releaseKeys[ /Library/WebServer/project/application/index/controller/Index.php ]
[ info ] [ DB ] INIT mysql
[ info ] [ LOG ] INIT File
[ sql ] [ DB ] CONNECT:[ UseTime:0.000625s ] mysql:host=127.0.0.1;dbname=testDB;charset=utf8
[ sql ] [ SQL ] SHOW COLUMNS FROM `tears` [ RunTime:0.001259s ]
[ sql ] [ SQL ] SELECT `payed` FROM `tears` WHERE  `id` = 31 LIMIT 1 [ RunTime:0.000349s ]
---------------------------------------------------------------
[ 2019-04-13T01:38:42+08:00 ] 0.0.0.0 GET localhost/project/public/index.php/index/index/releaseKeys?id=13
[运行时间：0.003822s] [吞吐率：261.64req/s] [内存消耗：433.61kb] [文件加载：46]
[ info ] [ LANG ] /Library/WebServer/project/thinkphp/lang/zh-cn.php
[ info ] [ ROUTE ] array (
  'type' => 'module',
  'module' => 
  array (
    0 => 'index',
    1 => 'index',
    2 => 'releaseKeys',
  ),
)
[ info ] [ HEADER ] array (
  'host' => 'localhost',
  'accept' => 'text/html,application/xhtml+xml,application/xml;q=0.9,*/*;q=0.8',
  'upgrade-insecure-requests' => '1',
  'cookie' => 'pgv_si=s6567659520; PHPSESSID=9jpheie5s4vu97k6scb4va7ana; Pycharm-1ae50e=08a548ad-ca5d-4b85-92b8-9439abe3e961; pgv_pvi=8250021888',
  'user-agent' => 'Mozilla/5.0 (Macintosh; Intel Mac OS X 10_13_6) AppleWebKit/605.1.15 (KHTML, like Gecko) Version/12.0.3 Safari/605.1.15',
  'accept-language' => 'zh-cn',
  'accept-encoding' => 'gzip, deflate',
  'connection' => 'keep-alive',
)
[ info ] [ PARAM ] array (
  'id' => '13',
)
[ info ] [ RUN ] app\index\controller\Index->releaseKeys[ /Library/WebServer/project/application/index/controller/Index.php ]
[ info ] [ DB ] INIT mysql
[ info ] [ LOG ] INIT File
[ sql ] [ DB ] CONNECT:[ UseTime:0.000925s ] mysql:host=127.0.0.1;dbname=testDB;charset=utf8
[ sql ] [ SQL ] SHOW COLUMNS FROM `tears` [ RunTime:0.001066s ]
[ sql ] [ SQL ] SELECT `payed` FROM `tears` WHERE  `id` = 13 LIMIT 1 [ RunTime:0.000320s ]
---------------------------------------------------------------
[ 2019-04-13T01:38:43+08:00 ] 0.0.0.0 GET localhost/project/public/index.php/index/index/releaseKeys?id=32
[运行时间：0.006422s] [吞吐率：155.71req/s] [内存消耗：409.66kb] [文件加载：49]
[ info ] [ LANG ] /Library/WebServer/project/thinkphp/lang/zh-cn.php
[ info ] [ ROUTE ] array (
  'type' => 'module',
  'module' => 
  array (
    0 => 'index',
    1 => 'index',
    2 => 'releaseKeys',
  ),
)
[ info ] [ HEADER ] array (
  'host' => 'localhost',
  'accept' => 'text/html,application/xhtml+xml,application/xml;q=0.9,*/*;q=0.8',
  'upgrade-insecure-requests' => '1',
  'cookie' => 'pgv_si=s6567659520; PHPSESSID=9jpheie5s4vu97k6scb4va7ana; Pycharm-1ae50e=08a548ad-ca5d-4b85-92b8-9439abe3e961; pgv_pvi=8250021888',
  'user-agent' => 'Mozilla/5.0 (Macintosh; Intel Mac OS X 10_13_6) AppleWebKit/605.1.15 (KHTML, like Gecko) Version/12.0.3 Safari/605.1.15',
  'accept-language' => 'zh-cn',
  'accept-encoding' => 'gzip, deflate',
  'connection' => 'keep-alive',
)
[ info ] [ PARAM ] array (
  'id' => '32',
)
[ info ] [ RUN ] app\index\controller\Index->releaseKeys[ /Library/WebServer/project/application/index/controller/Index.php ]
[ info ] [ DB ] INIT mysql
[ info ] [ CACHE ] INIT File
[ info ] [ LOG ] INIT File
[ sql ] [ DB ] CONNECT:[ UseTime:0.000570s ] mysql:host=127.0.0.1;dbname=testDB;charset=utf8
[ sql ] [ SQL ] SHOW COLUMNS FROM `tears` [ RunTime:0.000539s ]
[ sql ] [ SQL ] SELECT `payed` FROM `tears` WHERE  `id` = 32 LIMIT 1 [ RunTime:0.000374s ]
[ sql ] [ SQL ] SELECT `aeskey` FROM `tears` WHERE  `id` = 32 LIMIT 1 [ RunTime:0.000296s ]
[ sql ] [ SQL ] SELECT `aesiv` FROM `tears` WHERE  `id` = 32 LIMIT 1 [ RunTime:0.000301s ]
[ sql ] [ SQL ] DELETE FROM `tears`    WHERE  `id` = 32  AND `payed` = 1 [ RunTime:0.000712s ]
---------------------------------------------------------------
[ 2019-04-13T01:42:54+08:00 ] 0.0.0.0 GET localhost/project/public/index.php/index/index/showDB
[运行时间：0.004243s] [吞吐率：235.67req/s] [内存消耗：232.26kb] [文件加载：42]
[ info ] [ LANG ] /Library/WebServer/project/thinkphp/lang/zh-cn.php
[ info ] [ ROUTE ] array (
  'type' => 'module',
  'module' => 
  array (
    0 => 'index',
    1 => 'index',
    2 => 'showDB',
  ),
)
[ info ] [ HEADER ] array (
  'host' => 'localhost',
  'accept' => 'text/html,application/xhtml+xml,application/xml;q=0.9,*/*;q=0.8',
  'upgrade-insecure-requests' => '1',
  'cookie' => 'pgv_si=s6567659520; PHPSESSID=9jpheie5s4vu97k6scb4va7ana; Pycharm-1ae50e=08a548ad-ca5d-4b85-92b8-9439abe3e961; pgv_pvi=8250021888',
  'user-agent' => 'Mozilla/5.0 (Macintosh; Intel Mac OS X 10_13_6) AppleWebKit/605.1.15 (KHTML, like Gecko) Version/12.0.3 Safari/605.1.15',
  'accept-language' => 'zh-cn',
  'accept-encoding' => 'gzip, deflate',
  'connection' => 'keep-alive',
)
[ info ] [ PARAM ] array (
)
[ info ] [ RUN ] app\index\controller\Index->showDB[ /Library/WebServer/project/application/index/controller/Index.php ]
[ info ] [ LOG ] INIT File
[ error ] [0]模板文件不存在:/Library/WebServer/project/public/../application/index/view/index/show_d_b.html[/Library/WebServer/project/thinkphp/library/think/view/driver/Think.php:82]
---------------------------------------------------------------
[ 2019-04-13T01:43:53+08:00 ] 0.0.0.0 GET localhost/project/public/index.php/index/index/showDB
[运行时间：0.004798s] [吞吐率：208.41req/s] [内存消耗：230.66kb] [文件加载：42]
[ info ] [ LANG ] /Library/WebServer/project/thinkphp/lang/zh-cn.php
[ info ] [ ROUTE ] array (
  'type' => 'module',
  'module' => 
  array (
    0 => 'index',
    1 => 'index',
    2 => 'showDB',
  ),
)
[ info ] [ HEADER ] array (
  'host' => 'localhost',
  'accept' => 'text/html,application/xhtml+xml,application/xml;q=0.9,*/*;q=0.8',
  'upgrade-insecure-requests' => '1',
  'cookie' => 'pgv_si=s6567659520; PHPSESSID=9jpheie5s4vu97k6scb4va7ana; Pycharm-1ae50e=08a548ad-ca5d-4b85-92b8-9439abe3e961; pgv_pvi=8250021888',
  'user-agent' => 'Mozilla/5.0 (Macintosh; Intel Mac OS X 10_13_6) AppleWebKit/605.1.15 (KHTML, like Gecko) Version/12.0.3 Safari/605.1.15',
  'accept-language' => 'zh-cn',
  'accept-encoding' => 'gzip, deflate',
  'connection' => 'keep-alive',
)
[ info ] [ PARAM ] array (
)
[ info ] [ LOG ] INIT File
---------------------------------------------------------------
[ 2019-04-13T01:44:03+08:00 ] 0.0.0.0 GET localhost/project/public/index.php/index/index/showDB
[运行时间：0.001498s] [吞吐率：667.56req/s] [内存消耗：230.06kb] [文件加载：42]
[ info ] [ LANG ] /Library/WebServer/project/thinkphp/lang/zh-cn.php
[ info ] [ ROUTE ] array (
  'type' => 'module',
  'module' => 
  array (
    0 => 'index',
    1 => 'index',
    2 => 'showDB',
  ),
)
[ info ] [ HEADER ] array (
  'host' => 'localhost',
  'accept' => 'text/html,application/xhtml+xml,application/xml;q=0.9,*/*;q=0.8',
  'upgrade-insecure-requests' => '1',
  'cookie' => 'pgv_si=s6567659520; PHPSESSID=9jpheie5s4vu97k6scb4va7ana; Pycharm-1ae50e=08a548ad-ca5d-4b85-92b8-9439abe3e961; pgv_pvi=8250021888',
  'user-agent' => 'Mozilla/5.0 (Macintosh; Intel Mac OS X 10_13_6) AppleWebKit/605.1.15 (KHTML, like Gecko) Version/12.0.3 Safari/605.1.15',
  'accept-language' => 'zh-cn',
  'accept-encoding' => 'gzip, deflate',
  'connection' => 'keep-alive',
)
[ info ] [ PARAM ] array (
)
[ info ] [ LOG ] INIT File
---------------------------------------------------------------
[ 2019-04-13T01:44:03+08:00 ] 0.0.0.0 GET localhost/project/public/index.php/index/index/show
[运行时间：0.046678s] [吞吐率：21.42req/s] [内存消耗：244.52kb] [文件加载：44]
[ info ] [ LANG ] /Library/WebServer/project/thinkphp/lang/zh-cn.php
[ info ] [ ROUTE ] array (
  'type' => 'module',
  'module' => 
  array (
    0 => 'index',
    1 => 'index',
    2 => 'show',
  ),
)
[ info ] [ HEADER ] array (
  'host' => 'localhost',
  'accept' => 'text/html,application/xhtml+xml,application/xml;q=0.9,*/*;q=0.8',
  'upgrade-insecure-requests' => '1',
  'cookie' => 'pgv_si=s6567659520; PHPSESSID=9jpheie5s4vu97k6scb4va7ana; Pycharm-1ae50e=08a548ad-ca5d-4b85-92b8-9439abe3e961; pgv_pvi=8250021888',
  'user-agent' => 'Mozilla/5.0 (Macintosh; Intel Mac OS X 10_13_6) AppleWebKit/605.1.15 (KHTML, like Gecko) Version/12.0.3 Safari/605.1.15',
  'accept-language' => 'zh-cn',
  'accept-encoding' => 'gzip, deflate',
  'connection' => 'keep-alive',
)
[ info ] [ PARAM ] array (
)
[ info ] [ RUN ] app\index\controller\Index->show[ /Library/WebServer/project/application/index/controller/Index.php ]
[ info ] [ VIEW ] /Library/WebServer/project/public/../application/index/view/index/show.html [ array (
) ]
[ info ] [ LOG ] INIT File
[ error ] [0]语法解析错误: syntax error, unexpected '' (T_ENCAPSED_AND_WHITESPACE), expecting '-' or identifier (T_STRING) or variable (T_VARIABLE) or number (T_NUM_STRING)[/Library/WebServer/project/runtime/temp/0e9e309a0def027500e2dbd134b3372d.php:54]
---------------------------------------------------------------
[ 2019-04-13T01:45:54+08:00 ] 0.0.0.0 GET localhost/project/public/index.php/index/index/show
[运行时间：0.003798s] [吞吐率：263.30req/s] [内存消耗：243.52kb] [文件加载：44]
[ info ] [ LANG ] /Library/WebServer/project/thinkphp/lang/zh-cn.php
[ info ] [ ROUTE ] array (
  'type' => 'module',
  'module' => 
  array (
    0 => 'index',
    1 => 'index',
    2 => 'show',
  ),
)
[ info ] [ HEADER ] array (
  'host' => 'localhost',
  'accept' => 'text/html,application/xhtml+xml,application/xml;q=0.9,*/*;q=0.8',
  'upgrade-insecure-requests' => '1',
  'cookie' => 'pgv_si=s6567659520; PHPSESSID=9jpheie5s4vu97k6scb4va7ana; Pycharm-1ae50e=08a548ad-ca5d-4b85-92b8-9439abe3e961; pgv_pvi=8250021888',
  'user-agent' => 'Mozilla/5.0 (Macintosh; Intel Mac OS X 10_13_6) AppleWebKit/605.1.15 (KHTML, like Gecko) Version/12.0.3 Safari/605.1.15',
  'accept-language' => 'zh-cn',
  'accept-encoding' => 'gzip, deflate',
  'connection' => 'keep-alive',
)
[ info ] [ PARAM ] array (
)
[ info ] [ RUN ] app\index\controller\Index->show[ /Library/WebServer/project/application/index/controller/Index.php ]
[ info ] [ VIEW ] /Library/WebServer/project/public/../application/index/view/index/show.html [ array (
) ]
[ info ] [ LOG ] INIT File
[ error ] [0]语法解析错误: syntax error, unexpected '' (T_ENCAPSED_AND_WHITESPACE), expecting '-' or identifier (T_STRING) or variable (T_VARIABLE) or number (T_NUM_STRING)[/Library/WebServer/project/runtime/temp/0e9e309a0def027500e2dbd134b3372d.php:53]
---------------------------------------------------------------
[ 2019-04-13T12:30:29+08:00 ] 0.0.0.0 GET localhost/project/public/index.php/index/index/show
[运行时间：0.110709s] [吞吐率：9.03req/s] [内存消耗：366.45kb] [文件加载：42]
[ info ] [ LANG ] /Library/WebServer/project/thinkphp/lang/zh-cn.php
[ info ] [ ROUTE ] array (
  'type' => 'module',
  'module' => 
  array (
    0 => 'index',
    1 => 'index',
    2 => 'show',
  ),
)
[ info ] [ HEADER ] array (
  'host' => 'localhost',
  'accept' => 'text/html,application/xhtml+xml,application/xml;q=0.9,*/*;q=0.8',
  'upgrade-insecure-requests' => '1',
  'cookie' => 'Pycharm-1ae50e=08a548ad-ca5d-4b85-92b8-9439abe3e961; pgv_pvi=8250021888',
  'user-agent' => 'Mozilla/5.0 (Macintosh; Intel Mac OS X 10_13_6) AppleWebKit/605.1.15 (KHTML, like Gecko) Version/12.0.3 Safari/605.1.15',
  'accept-language' => 'zh-cn',
  'accept-encoding' => 'gzip, deflate',
  'connection' => 'keep-alive',
)
[ info ] [ PARAM ] array (
)
[ info ] [ RUN ] app\index\controller\Index->show[ /Library/WebServer/project/application/index/controller/Index.php ]
[ info ] [ VIEW ] /Library/WebServer/project/public/../application/index/view/index/show.html [ array (
) ]
[ info ] [ LOG ] INIT File
[ error ] [0]语法解析错误: syntax error, unexpected '' (T_ENCAPSED_AND_WHITESPACE), expecting '-' or identifier (T_STRING) or variable (T_VARIABLE) or number (T_NUM_STRING)[/Library/WebServer/project/runtime/temp/0e9e309a0def027500e2dbd134b3372d.php:53]
---------------------------------------------------------------
[ 2019-04-13T12:40:50+08:00 ] 0.0.0.0 GET localhost/project/public/index.php/index/index/show
[运行时间：0.046516s] [吞吐率：21.50req/s] [内存消耗：233.33kb] [文件加载：42]
[ info ] [ LANG ] /Library/WebServer/project/thinkphp/lang/zh-cn.php
[ info ] [ ROUTE ] array (
  'type' => 'module',
  'module' => 
  array (
    0 => 'index',
    1 => 'index',
    2 => 'show',
  ),
)
[ info ] [ HEADER ] array (
  'host' => 'localhost',
  'accept' => 'text/html,application/xhtml+xml,application/xml;q=0.9,*/*;q=0.8',
  'upgrade-insecure-requests' => '1',
  'cookie' => 'Pycharm-1ae50e=08a548ad-ca5d-4b85-92b8-9439abe3e961; pgv_pvi=8250021888',
  'user-agent' => 'Mozilla/5.0 (Macintosh; Intel Mac OS X 10_13_6) AppleWebKit/605.1.15 (KHTML, like Gecko) Version/12.0.3 Safari/605.1.15',
  'accept-language' => 'zh-cn',
  'accept-encoding' => 'gzip, deflate',
  'connection' => 'keep-alive',
)
[ info ] [ PARAM ] array (
)
[ info ] [ RUN ] app\index\controller\Index->show[ /Library/WebServer/project/application/index/controller/Index.php ]
[ info ] [ VIEW ] /Library/WebServer/project/public/../application/index/view/index/show.html [ array (
) ]
[ info ] [ LOG ] INIT File
[ error ] [0]语法解析错误: syntax error, unexpected '' (T_ENCAPSED_AND_WHITESPACE), expecting '-' or identifier (T_STRING) or variable (T_VARIABLE) or number (T_NUM_STRING)[/Library/WebServer/project/runtime/temp/0e9e309a0def027500e2dbd134b3372d.php:53]
